Base path: C:/Program Files/Unity 2017.1.0b4/Editor/Data
Cmd: initializeCompiler
Cmd: compileSnippet
  api=4 type=0 insize=629 outsize=1038 kw=ETC1_EXTERNAL_ALPHA PIXELSNAP_ON pd=UNITY_ENABLE_REFLECTION_BUFFERS UNITY_USE_DITHER_MASK_FOR_ALPHABLENDED_SHADOWS UNITY_PBS_USE_BRDF1 UNITY_SPECCUBE_BOX_PROJECTION UNITY_SPECCUBE_BLENDING UNITY_ENABLE_DETAIL_NORMALMAP SHADER_API_DESKTOP ok=1
Cmd: compileSnippet
  api=4 type=0 insize=1468 outsize=1982 kw=DIRECTIONAL SHADOWS_SCREEN pd=UNITY_ENABLE_REFLECTION_BUFFERS UNITY_USE_DITHER_MASK_FOR_ALPHABLENDED_SHADOWS UNITY_PBS_USE_BRDF1 UNITY_SPECCUBE_BOX_PROJECTION UNITY_SPECCUBE_BLENDING UNITY_ENABLE_DETAIL_NORMALMAP SHADER_API_DESKTOP ok=1
Cmd: compileSnippet
  api=4 type=0 insize=1468 outsize=2718 kw=DIRECTIONAL SHADOWS_SCREEN VERTEXLIGHT_ON pd=UNITY_ENABLE_REFLECTION_BUFFERS UNITY_USE_DITHER_MASK_FOR_ALPHABLENDED_SHADOWS UNITY_PBS_USE_BRDF1 UNITY_SPECCUBE_BOX_PROJECTION UNITY_SPECCUBE_BLENDING UNITY_ENABLE_DETAIL_NORMALMAP SHADER_API_DESKTOP ok=1
Cmd: compileSnippet
  api=4 type=1 insize=1468 outsize=7146 kw=DIRECTIONAL SHADOWS_SCREEN pd=UNITY_ENABLE_REFLECTION_BUFFERS UNITY_USE_DITHER_MASK_FOR_ALPHABLENDED_SHADOWS UNITY_PBS_USE_BRDF1 UNITY_SPECCUBE_BOX_PROJECTION UNITY_SPECCUBE_BLENDING UNITY_ENABLE_DETAIL_NORMALMAP SHADER_API_DESKTOP ok=1
Cmd: compileSnippet
  api=1 type=0 insize=1330 outsize=1296 kw=DIRECTIONAL SHADOWS_SCREEN pd=UNITY_ENABLE_REFLECTION_BUFFERS UNITY_USE_DITHER_MASK_FOR_ALPHABLENDED_SHADOWS UNITY_PBS_USE_BRDF1 UNITY_SPECCUBE_BOX_PROJECTION UNITY_SPECCUBE_BLENDING UNITY_ENABLE_DETAIL_NORMALMAP SHADER_API_DESKTOP ok=1
Cmd: compileSnippet
  api=4 type=0 insize=1330 outsize=1670 kw=POINT_COOKIE SHADOWS_CUBE pd=UNITY_ENABLE_REFLECTION_BUFFERS UNITY_USE_DITHER_MASK_FOR_ALPHABLENDED_SHADOWS UNITY_PBS_USE_BRDF1 UNITY_SPECCUBE_BOX_PROJECTION UNITY_SPECCUBE_BLENDING UNITY_ENABLE_DETAIL_NORMALMAP SHADER_API_DESKTOP ok=1
Cmd: compileSnippet
  api=4 type=1 insize=1330 outsize=6078 kw=SPOT SHADOWS_DEPTH SHADOWS_SOFT pd=UNITY_ENABLE_REFLECTION_BUFFERS UNITY_USE_DITHER_MASK_FOR_ALPHABLENDED_SHADOWS UNITY_PBS_USE_BRDF1 UNITY_SPECCUBE_BOX_PROJECTION UNITY_SPECCUBE_BLENDING UNITY_ENABLE_DETAIL_NORMALMAP SHADER_API_DESKTOP ok=1
Cmd: compileSnippet
  api=4 type=1 insize=1110 outsize=386 kw=SHADOWS_CUBE pd=UNITY_ENABLE_REFLECTION_BUFFERS UNITY_USE_DITHER_MASK_FOR_ALPHABLENDED_SHADOWS UNITY_PBS_USE_BRDF1 UNITY_SPECCUBE_BOX_PROJECTION UNITY_SPECCUBE_BLENDING UNITY_ENABLE_DETAIL_NORMALMAP SHADER_API_DESKTOP ok=1
Cmd: compileSnippet
  api=1 type=0 insize=1424 outsize=1316 kw=_EMISSION pd=UNITY_ENABLE_REFLECTION_BUFFERS UNITY_USE_DITHER_MASK_FOR_ALPHABLENDED_SHADOWS UNITY_PBS_USE_BRDF1 UNITY_SPECCUBE_BOX_PROJECTION UNITY_SPECCUBE_BLENDING UNITY_ENABLE_DETAIL_NORMALMAP SHADER_API_DESKTOP ok=1
Cmd: compileSnippet
  api=4 type=1 insize=1424 outsize=2414 kw=_EMISSION UNITY_HDR_ON pd=UNITY_ENABLE_REFLECTION_BUFFERS UNITY_USE_DITHER_MASK_FOR_ALPHABLENDED_SHADOWS UNITY_PBS_USE_BRDF1 UNITY_SPECCUBE_BOX_PROJECTION UNITY_SPECCUBE_BLENDING UNITY_ENABLE_DETAIL_NORMALMAP SHADER_API_DESKTOP ok=1
Cmd: compileSnippet
  api=4 type=0 insize=1272 outsize=2134 kw=DIRECTIONAL pd=UNITY_ENABLE_REFLECTION_BUFFERS UNITY_USE_DITHER_MASK_FOR_ALPHABLENDED_SHADOWS UNITY_PBS_USE_BRDF1 UNITY_SPECCUBE_BOX_PROJECTION UNITY_SPECCUBE_BLENDING UNITY_ENABLE_DETAIL_NORMALMAP SHADER_API_DESKTOP ok=1
Cmd: compileSnippet
  api=1 type=0 insize=1272 outsize=1176 kw=DIRECTIONAL DYNAMICLIGHTMAP_ON VERTEXLIGHT_ON pd=UNITY_ENABLE_REFLECTION_BUFFERS UNITY_USE_DITHER_MASK_FOR_ALPHABLENDED_SHADOWS UNITY_PBS_USE_BRDF1 UNITY_SPECCUBE_BOX_PROJECTION UNITY_SPECCUBE_BLENDING UNITY_ENABLE_DETAIL_NORMALMAP SHADER_API_DESKTOP ok=1
Cmd: compileSnippet
  api=4 type=0 insize=1272 outsize=1822 kw=DIRECTIONAL SHADOWS_SCREEN DYNAMICLIGHTMAP_ON VERTEXLIGHT_ON pd=UNITY_ENABLE_REFLECTION_BUFFERS UNITY_USE_DITHER_MASK_FOR_ALPHABLENDED_SHADOWS UNITY_PBS_USE_BRDF1 UNITY_SPECCUBE_BOX_PROJECTION UNITY_SPECCUBE_BLENDING UNITY_ENABLE_DETAIL_NORMALMAP SHADER_API_DESKTOP ok=1
Cmd: compileSnippet
  api=1 type=1 insize=1272 outsize=4152 kw=DIRECTIONAL SHADOWS_SCREEN _EMISSION pd=UNITY_ENABLE_REFLECTION_BUFFERS UNITY_USE_DITHER_MASK_FOR_ALPHABLENDED_SHADOWS UNITY_PBS_USE_BRDF1 UNITY_SPECCUBE_BOX_PROJECTION UNITY_SPECCUBE_BLENDING UNITY_ENABLE_DETAIL_NORMALMAP SHADER_API_DESKTOP ok=1
Cmd: compileSnippet
  api=4 type=0 insize=1138 outsize=1822 kw=SPOT SHADOWS_DEPTH pd=UNITY_ENABLE_REFLECTION_BUFFERS UNITY_USE_DITHER_MASK_FOR_ALPHABLENDED_SHADOWS UNITY_PBS_USE_BRDF1 UNITY_SPECCUBE_BOX_PROJECTION UNITY_SPECCUBE_BLENDING UNITY_ENABLE_DETAIL_NORMALMAP SHADER_API_DESKTOP ok=1
Cmd: compileSnippet
  api=4 type=1 insize=1138 outsize=2202 kw=SPOT SHADOWS_DEPTH pd=UNITY_ENABLE_REFLECTION_BUFFERS UNITY_USE_DITHER_MASK_FOR_ALPHABLENDED_SHADOWS UNITY_PBS_USE_BRDF1 UNITY_SPECCUBE_BOX_PROJECTION UNITY_SPECCUBE_BLENDING UNITY_ENABLE_DETAIL_NORMALMAP SHADER_API_DESKTOP ok=1
Cmd: compileSnippet
  api=1 type=1 insize=809 outsize=140 kw=SHADOWS_DEPTH pd=UNITY_ENABLE_REFLECTION_BUFFERS UNITY_USE_DITHER_MASK_FOR_ALPHABLENDED_SHADOWS UNITY_PBS_USE_BRDF1 UNITY_SPECCUBE_BOX_PROJECTION UNITY_SPECCUBE_BLENDING UNITY_ENABLE_DETAIL_NORMALMAP SHADER_API_DESKTOP ok=1
Cmd: compileSnippet
  api=4 type=0 insize=19454 outsize=1770 kw=LIGHTMAP_OFF DIRLIGHTMAP_OFF DYNAMICLIGHTMAP_OFF D_VALVE_FOG S_SPECULAR_NONE pd=UNITY_ENABLE_REFLECTION_BUFFERS UNITY_USE_DITHER_MASK_FOR_ALPHABLENDED_SHADOWS UNITY_PBS_USE_BRDF1 UNITY_SPECCUBE_BOX_PROJECTION UNITY_SPECCUBE_BLENDING UNITY_ENABLE_DETAIL_NORMALMAP SHADER_API_DESKTOP ok=1
Cmd: compileSnippet
  api=4 type=0 insize=19454 outsize=1770 kw=S_RECEIVE_SHADOWS S_SPECULAR_BLINNPHONG LIGHTMAP_OFF DIRLIGHTMAP_OFF DYNAMICLIGHTMAP_OFF D_VALVE_FOG D_VALVE_SHADOWING_POINT_LIGHTS _FLUORESCENCEMAP pd=UNITY_ENABLE_REFLECTION_BUFFERS UNITY_USE_DITHER_MASK_FOR_ALPHABLENDED_SHADOWS UNITY_PBS_USE_BRDF1 UNITY_SPECCUBE_BOX_PROJECTION UNITY_SPECCUBE_BLENDING UNITY_ENABLE_DETAIL_NORMALMAP SHADER_API_DESKTOP ok=1
Cmd: compileSnippet
  api=4 type=0 insize=19454 outsize=2194 kw=S_RECEIVE_SHADOWS MATRIX_PALETTE_SKINNING_1BONE LIGHTMAP_OFF DIRLIGHTMAP_OFF DYNAMICLIGHTMAP_OFF S_RETROREFLECTIVE pd=UNITY_ENABLE_REFLECTION_BUFFERS UNITY_USE_DITHER_MASK_FOR_ALPHABLENDED_SHADOWS UNITY_PBS_USE_BRDF1 UNITY_SPECCUBE_BOX_PROJECTION UNITY_SPECCUBE_BLENDING UNITY_ENABLE_DETAIL_NORMALMAP SHADER_API_DESKTOP ok=1
Cmd: compileSnippet
  api=4 type=0 insize=19454 outsize=2194 kw=S_RECEIVE_SHADOWS S_SPECULAR_BLINNPHONG MATRIX_PALETTE_SKINNING_1BONE LIGHTMAP_OFF DIRLIGHTMAP_OFF DYNAMICLIGHTMAP_OFF D_VALVE_SHADOWING_POINT_LIGHTS D_CASTSHADOW pd=UNITY_ENABLE_REFLECTION_BUFFERS UNITY_USE_DITHER_MASK_FOR_ALPHABLENDED_SHADOWS UNITY_PBS_USE_BRDF1 UNITY_SPECCUBE_BOX_PROJECTION UNITY_SPECCUBE_BLENDING UNITY_ENABLE_DETAIL_NORMALMAP SHADER_API_DESKTOP ok=1
Cmd: compileSnippet
  api=4 type=0 insize=19454 outsize=2798 kw=MATRIX_PALETTE_SKINNING_1BONE LIGHTMAP_OFF DIRLIGHTMAP_OFF DYNAMICLIGHTMAP_OFF D_VALVE_FOG D_VALVE_SHADOWING_POINT_LIGHTS S_SPECULAR_NONE pd=UNITY_ENABLE_REFLECTION_BUFFERS UNITY_USE_DITHER_MASK_FOR_ALPHABLENDED_SHADOWS UNITY_PBS_USE_BRDF1 UNITY_SPECCUBE_BOX_PROJECTION UNITY_SPECCUBE_BLENDING UNITY_ENABLE_DETAIL_NORMALMAP SHADER_API_DESKTOP ok=1
Cmd: compileSnippet
  api=4 type=0 insize=19454 outsize=1770 kw=DYNAMICLIGHTMAP_ON S_RECEIVE_SHADOWS S_OCCLUSION S_SPECULAR_METALLIC _METALLICGLOSSMAP _NORMALMAP LIGHTMAP_OFF DIRLIGHTMAP_OFF D_VALVE_SHADOWING_POINT_LIGHTS pd=UNITY_ENABLE_REFLECTION_BUFFERS UNITY_USE_DITHER_MASK_FOR_ALPHABLENDED_SHADOWS UNITY_PBS_USE_BRDF1 UNITY_SPECCUBE_BOX_PROJECTION UNITY_SPECCUBE_BLENDING UNITY_ENABLE_DETAIL_NORMALMAP SHADER_API_DESKTOP ok=1
Cmd: compileSnippet
  api=4 type=0 insize=19454 outsize=1934 kw=DYNAMICLIGHTMAP_ON S_RECEIVE_SHADOWS LIGHTMAP_OFF DIRLIGHTMAP_OFF D_VALVE_FOG S_SPECULAR_NONE pd=UNITY_ENABLE_REFLECTION_BUFFERS UNITY_USE_DITHER_MASK_FOR_ALPHABLENDED_SHADOWS UNITY_PBS_USE_BRDF1 UNITY_SPECCUBE_BOX_PROJECTION UNITY_SPECCUBE_BLENDING UNITY_ENABLE_DETAIL_NORMALMAP SHADER_API_DESKTOP ok=1
Cmd: compileSnippet
  api=4 type=0 insize=19454 outsize=2358 kw=DYNAMICLIGHTMAP_ON S_RECEIVE_SHADOWS S_SPECULAR_BLINNPHONG MATRIX_PALETTE_SKINNING_1BONE LIGHTMAP_OFF DIRLIGHTMAP_OFF _FLUORESCENCEMAP pd=UNITY_ENABLE_REFLECTION_BUFFERS UNITY_USE_DITHER_MASK_FOR_ALPHABLENDED_SHADOWS UNITY_PBS_USE_BRDF1 UNITY_SPECCUBE_BOX_PROJECTION UNITY_SPECCUBE_BLENDING UNITY_ENABLE_DETAIL_NORMALMAP SHADER_API_DESKTOP ok=1
Cmd: compileSnippet
  api=4 type=0 insize=19454 outsize=2358 kw=DYNAMICLIGHTMAP_ON S_RECEIVE_SHADOWS MATRIX_PALETTE_SKINNING_1BONE LIGHTMAP_OFF DIRLIGHTMAP_OFF D_VALVE_SHADOWING_POINT_LIGHTS S_RETROREFLECTIVE pd=UNITY_ENABLE_REFLECTION_BUFFERS UNITY_USE_DITHER_MASK_FOR_ALPHABLENDED_SHADOWS UNITY_PBS_USE_BRDF1 UNITY_SPECCUBE_BOX_PROJECTION UNITY_SPECCUBE_BLENDING UNITY_ENABLE_DETAIL_NORMALMAP SHADER_API_DESKTOP ok=1
Cmd: compileSnippet
  api=4 type=0 insize=19454 outsize=2962 kw=DYNAMICLIGHTMAP_ON MATRIX_PALETTE_SKINNING_1BONE LIGHTMAP_OFF DIRLIGHTMAP_OFF D_VALVE_FOG D_VALVE_SHADOWING_POINT_LIGHTS S_SPECULAR_NONE pd=UNITY_ENABLE_REFLECTION_BUFFERS UNITY_USE_DITHER_MASK_FOR_ALPHABLENDED_SHADOWS UNITY_PBS_USE_BRDF1 UNITY_SPECCUBE_BOX_PROJECTION UNITY_SPECCUBE_BLENDING UNITY_ENABLE_DETAIL_NORMALMAP SHADER_API_DESKTOP ok=1
Cmd: compileSnippet
  api=4 type=0 insize=19454 outsize=1166 kw=DIRLIGHTMAP_COMBINED S_RECEIVE_SHADOWS S_SPECULAR_BLINNPHONG LIGHTMAP_OFF DYNAMICLIGHTMAP_OFF D_CASTSHADOW pd=UNITY_ENABLE_REFLECTION_BUFFERS UNITY_USE_DITHER_MASK_FOR_ALPHABLENDED_SHADOWS UNITY_PBS_USE_BRDF1 UNITY_SPECCUBE_BOX_PROJECTION UNITY_SPECCUBE_BLENDING UNITY_ENABLE_DETAIL_NORMALMAP SHADER_API_DESKTOP ok=1
Cmd: compileSnippet
  api=4 type=0 insize=19454 outsize=2210 kw=DIRLIGHTMAP_COMBINED S_RECEIVE_SHADOWS S_OCCLUSION S_SPECULAR_METALLIC _METALLICGLOSSMAP _NORMALMAP LIGHTMAP_OFF DYNAMICLIGHTMAP_OFF D_VALVE_FOG pd=UNITY_ENABLE_REFLECTION_BUFFERS UNITY_USE_DITHER_MASK_FOR_ALPHABLENDED_SHADOWS UNITY_PBS_USE_BRDF1 UNITY_SPECCUBE_BOX_PROJECTION UNITY_SPECCUBE_BLENDING UNITY_ENABLE_DETAIL_NORMALMAP SHADER_API_DESKTOP ok=1
Cmd: compileSnippet
  api=4 type=0 insize=19454 outsize=1770 kw=DIRLIGHTMAP_COMBINED S_RECEIVE_SHADOWS LIGHTMAP_OFF DYNAMICLIGHTMAP_OFF D_VALVE_FOG D_VALVE_SHADOWING_POINT_LIGHTS S_RETROREFLECTIVE pd=UNITY_ENABLE_REFLECTION_BUFFERS UNITY_USE_DITHER_MASK_FOR_ALPHABLENDED_SHADOWS UNITY_PBS_USE_BRDF1 UNITY_SPECCUBE_BOX_PROJECTION UNITY_SPECCUBE_BLENDING UNITY_ENABLE_DETAIL_NORMALMAP SHADER_API_DESKTOP ok=1
Cmd: compileSnippet
  api=4 type=0 insize=19454 outsize=2194 kw=DIRLIGHTMAP_COMBINED S_RECEIVE_SHADOWS MATRIX_PALETTE_SKINNING_1BONE S_SPECULAR_METALLIC LIGHTMAP_OFF DYNAMICLIGHTMAP_OFF D_VALVE_SHADOWING_POINT_LIGHTS _FLUORESCENCEMAP pd=UNITY_ENABLE_REFLECTION_BUFFERS UNITY_USE_DITHER_MASK_FOR_ALPHABLENDED_SHADOWS UNITY_PBS_USE_BRDF1 UNITY_SPECCUBE_BOX_PROJECTION UNITY_SPECCUBE_BLENDING UNITY_ENABLE_DETAIL_NORMALMAP SHADER_API_DESKTOP ok=1
Cmd: compileSnippet
  api=4 type=0 insize=19454 outsize=2798 kw=DIRLIGHTMAP_COMBINED S_RECEIVE_SHADOWS MATRIX_PALETTE_SKINNING_1BONE LIGHTMAP_OFF DYNAMICLIGHTMAP_OFF D_VALVE_FOG S_RETROREFLECTIVE pd=UNITY_ENABLE_REFLECTION_BUFFERS UNITY_USE_DITHER_MASK_FOR_ALPHABLENDED_SHADOWS UNITY_PBS_USE_BRDF1 UNITY_SPECCUBE_BOX_PROJECTION UNITY_SPECCUBE_BLENDING UNITY_ENABLE_DETAIL_NORMALMAP SHADER_API_DESKTOP ok=1
Cmd: compileSnippet
  api=4 type=0 insize=19454 outsize=1166 kw=DIRLIGHTMAP_SEPARATE S_RECEIVE_SHADOWS S_SPECULAR_METALLIC LIGHTMAP_OFF DYNAMICLIGHTMAP_OFF _FLUORESCENCEMAP pd=UNITY_ENABLE_REFLECTION_BUFFERS UNITY_USE_DITHER_MASK_FOR_ALPHABLENDED_SHADOWS UNITY_PBS_USE_BRDF1 UNITY_SPECCUBE_BOX_PROJECTION UNITY_SPECCUBE_BLENDING UNITY_ENABLE_DETAIL_NORMALMAP SHADER_API_DESKTOP ok=1
Cmd: compileSnippet
  api=4 type=0 insize=19454 outsize=1166 kw=DIRLIGHTMAP_SEPARATE S_RECEIVE_SHADOWS S_SPECULAR_BLINNPHONG LIGHTMAP_OFF DYNAMICLIGHTMAP_OFF D_VALVE_SHADOWING_POINT_LIGHTS D_CASTSHADOW pd=UNITY_ENABLE_REFLECTION_BUFFERS UNITY_USE_DITHER_MASK_FOR_ALPHABLENDED_SHADOWS UNITY_PBS_USE_BRDF1 UNITY_SPECCUBE_BOX_PROJECTION UNITY_SPECCUBE_BLENDING UNITY_ENABLE_DETAIL_NORMALMAP SHADER_API_DESKTOP ok=1
Cmd: compileSnippet
  api=4 type=0 insize=19454 outsize=1770 kw=DIRLIGHTMAP_SEPARATE LIGHTMAP_OFF DYNAMICLIGHTMAP_OFF D_VALVE_FOG D_VALVE_SHADOWING_POINT_LIGHTS S_SPECULAR_NONE pd=UNITY_ENABLE_REFLECTION_BUFFERS UNITY_USE_DITHER_MASK_FOR_ALPHABLENDED_SHADOWS UNITY_PBS_USE_BRDF1 UNITY_SPECCUBE_BOX_PROJECTION UNITY_SPECCUBE_BLENDING UNITY_ENABLE_DETAIL_NORMALMAP SHADER_API_DESKTOP ok=1
Cmd: compileSnippet
  api=4 type=0 insize=19454 outsize=2194 kw=DIRLIGHTMAP_SEPARATE S_RECEIVE_SHADOWS MATRIX_PALETTE_SKINNING_1BONE LIGHTMAP_OFF DYNAMICLIGHTMAP_OFF S_SPECULAR_NONE pd=UNITY_ENABLE_REFLECTION_BUFFERS UNITY_USE_DITHER_MASK_FOR_ALPHABLENDED_SHADOWS UNITY_PBS_USE_BRDF1 UNITY_SPECCUBE_BOX_PROJECTION UNITY_SPECCUBE_BLENDING UNITY_ENABLE_DETAIL_NORMALMAP SHADER_API_DESKTOP ok=1
Cmd: compileSnippet
  api=4 type=0 insize=19454 outsize=2194 kw=DIRLIGHTMAP_SEPARATE S_RECEIVE_SHADOWS S_SPECULAR_BLINNPHONG MATRIX_PALETTE_SKINNING_1BONE LIGHTMAP_OFF DYNAMICLIGHTMAP_OFF D_VALVE_SHADOWING_POINT_LIGHTS D_CASTSHADOW pd=UNITY_ENABLE_REFLECTION_BUFFERS UNITY_USE_DITHER_MASK_FOR_ALPHABLENDED_SHADOWS UNITY_PBS_USE_BRDF1 UNITY_SPECCUBE_BOX_PROJECTION UNITY_SPECCUBE_BLENDING UNITY_ENABLE_DETAIL_NORMALMAP SHADER_API_DESKTOP ok=1
Cmd: compileSnippet
  api=4 type=0 insize=19454 outsize=3322 kw=DIRLIGHTMAP_SEPARATE S_RECEIVE_SHADOWS MATRIX_PALETTE_SKINNING_1BONE S_OCCLUSION S_SPECULAR_METALLIC _METALLICGLOSSMAP _NORMALMAP LIGHTMAP_OFF DYNAMICLIGHTMAP_OFF D_VALVE_FOG D_VALVE_SHADOWING_POINT_LIGHTS _FLUORESCENCEMAP pd=UNITY_ENABLE_REFLECTION_BUFFERS UNITY_USE_DITHER_MASK_FOR_ALPHABLENDED_SHADOWS UNITY_PBS_USE_BRDF1 UNITY_SPECCUBE_BOX_PROJECTION UNITY_SPECCUBE_BLENDING UNITY_ENABLE_DETAIL_NORMALMAP SHADER_API_DESKTOP ok=1
Cmd: compileSnippet
  api=4 type=0 insize=19454 outsize=1770 kw=DYNAMICLIGHTMAP_ON DIRLIGHTMAP_SEPARATE S_RECEIVE_SHADOWS S_OCCLUSION S_SPECULAR_METALLIC _METALLICGLOSSMAP _NORMALMAP LIGHTMAP_OFF D_VALVE_SHADOWING_POINT_LIGHTS pd=UNITY_ENABLE_REFLECTION_BUFFERS UNITY_USE_DITHER_MASK_FOR_ALPHABLENDED_SHADOWS UNITY_PBS_USE_BRDF1 UNITY_SPECCUBE_BOX_PROJECTION UNITY_SPECCUBE_BLENDING UNITY_ENABLE_DETAIL_NORMALMAP SHADER_API_DESKTOP ok=1
Cmd: compileSnippet
  api=4 type=0 insize=19454 outsize=1934 kw=DYNAMICLIGHTMAP_ON DIRLIGHTMAP_SEPARATE S_RECEIVE_SHADOWS LIGHTMAP_OFF D_VALVE_FOG S_RETROREFLECTIVE pd=UNITY_ENABLE_REFLECTION_BUFFERS UNITY_USE_DITHER_MASK_FOR_ALPHABLENDED_SHADOWS UNITY_PBS_USE_BRDF1 UNITY_SPECCUBE_BOX_PROJECTION UNITY_SPECCUBE_BLENDING UNITY_ENABLE_DETAIL_NORMALMAP SHADER_API_DESKTOP ok=1
Cmd: compileSnippet
  api=4 type=0 insize=19454 outsize=1934 kw=DYNAMICLIGHTMAP_ON DIRLIGHTMAP_SEPARATE S_RECEIVE_SHADOWS S_SPECULAR_BLINNPHONG LIGHTMAP_OFF D_VALVE_FOG D_VALVE_SHADOWING_POINT_LIGHTS D_CASTSHADOW pd=UNITY_ENABLE_REFLECTION_BUFFERS UNITY_USE_DITHER_MASK_FOR_ALPHABLENDED_SHADOWS UNITY_PBS_USE_BRDF1 UNITY_SPECCUBE_BOX_PROJECTION UNITY_SPECCUBE_BLENDING UNITY_ENABLE_DETAIL_NORMALMAP SHADER_API_DESKTOP ok=1
Cmd: compileSnippet
  api=4 type=0 insize=19454 outsize=2358 kw=DYNAMICLIGHTMAP_ON DIRLIGHTMAP_SEPARATE S_RECEIVE_SHADOWS MATRIX_PALETTE_SKINNING_1BONE LIGHTMAP_OFF D_VALVE_SHADOWING_POINT_LIGHTS S_SPECULAR_NONE pd=UNITY_ENABLE_REFLECTION_BUFFERS UNITY_USE_DITHER_MASK_FOR_ALPHABLENDED_SHADOWS UNITY_PBS_USE_BRDF1 UNITY_SPECCUBE_BOX_PROJECTION UNITY_SPECCUBE_BLENDING UNITY_ENABLE_DETAIL_NORMALMAP SHADER_API_DESKTOP ok=1
Cmd: compileSnippet
  api=4 type=0 insize=19454 outsize=2962 kw=DYNAMICLIGHTMAP_ON DIRLIGHTMAP_SEPARATE S_RECEIVE_SHADOWS MATRIX_PALETTE_SKINNING_1BONE S_SPECULAR_METALLIC LIGHTMAP_OFF D_VALVE_FOG D_VALVE_SHADOWING_POINT_LIGHTS pd=UNITY_ENABLE_REFLECTION_BUFFERS UNITY_USE_DITHER_MASK_FOR_ALPHABLENDED_SHADOWS UNITY_PBS_USE_BRDF1 UNITY_SPECCUBE_BOX_PROJECTION UNITY_SPECCUBE_BLENDING UNITY_ENABLE_DETAIL_NORMALMAP SHADER_API_DESKTOP ok=1
Cmd: compileSnippet
  api=4 type=1 insize=19454 outsize=7178 kw=S_RECEIVE_SHADOWS LIGHTMAP_OFF DIRLIGHTMAP_OFF DYNAMICLIGHTMAP_OFF D_VALVE_SHADOWING_POINT_LIGHTS S_SPECULAR_NONE pd=UNITY_ENABLE_REFLECTION_BUFFERS UNITY_USE_DITHER_MASK_FOR_ALPHABLENDED_SHADOWS UNITY_PBS_USE_BRDF1 UNITY_SPECCUBE_BOX_PROJECTION UNITY_SPECCUBE_BLENDING UNITY_ENABLE_DETAIL_NORMALMAP SHADER_API_DESKTOP ok=1
Cmd: compileSnippet
  api=4 type=1 insize=19454 outsize=11034 kw=S_RECEIVE_SHADOWS S_OCCLUSION S_SPECULAR_METALLIC _METALLICGLOSSMAP _NORMALMAP LIGHTMAP_OFF DIRLIGHTMAP_OFF DYNAMICLIGHTMAP_OFF D_VALVE_FOG D_VALVE_SHADOWING_POINT_LIGHTS _FLUORESCENCEMAP pd=UNITY_ENABLE_REFLECTION_BUFFERS UNITY_USE_DITHER_MASK_FOR_ALPHABLENDED_SHADOWS UNITY_PBS_USE_BRDF1 UNITY_SPECCUBE_BOX_PROJECTION UNITY_SPECCUBE_BLENDING UNITY_ENABLE_DETAIL_NORMALMAP SHADER_API_DESKTOP ok=1
Cmd: compileSnippet
  api=4 type=1 insize=19454 outsize=9010 kw=S_RECEIVE_SHADOWS S_SPECULAR_BLINNPHONG MATRIX_PALETTE_SKINNING_1BONE LIGHTMAP_OFF DIRLIGHTMAP_OFF DYNAMICLIGHTMAP_OFF D_VALVE_FOG _FLUORESCENCEMAP pd=UNITY_ENABLE_REFLECTION_BUFFERS UNITY_USE_DITHER_MASK_FOR_ALPHABLENDED_SHADOWS UNITY_PBS_USE_BRDF1 UNITY_SPECCUBE_BOX_PROJECTION UNITY_SPECCUBE_BLENDING UNITY_ENABLE_DETAIL_NORMALMAP SHADER_API_DESKTOP ok=1
Cmd: compileSnippet
  api=4 type=1 insize=19454 outsize=10058 kw=S_RECEIVE_SHADOWS MATRIX_PALETTE_SKINNING_1BONE S_SPECULAR_METALLIC LIGHTMAP_OFF DIRLIGHTMAP_OFF DYNAMICLIGHTMAP_OFF D_VALVE_FOG D_VALVE_SHADOWING_POINT_LIGHTS _FLUORESCENCEMAP pd=UNITY_ENABLE_REFLECTION_BUFFERS UNITY_USE_DITHER_MASK_FOR_ALPHABLENDED_SHADOWS UNITY_PBS_USE_BRDF1 UNITY_SPECCUBE_BOX_PROJECTION UNITY_SPECCUBE_BLENDING UNITY_ENABLE_DETAIL_NORMALMAP SHADER_API_DESKTOP ok=1
Cmd: compileSnippet
  api=4 type=1 insize=19454 outsize=734 kw=DYNAMICLIGHTMAP_ON _EMISSION LIGHTMAP_OFF DIRLIGHTMAP_OFF D_VALVE_SHADOWING_POINT_LIGHTS S_SPECULAR_NONE S_UNLIT pd=UNITY_ENABLE_REFLECTION_BUFFERS UNITY_USE_DITHER_MASK_FOR_ALPHABLENDED_SHADOWS UNITY_PBS_USE_BRDF1 UNITY_SPECCUBE_BOX_PROJECTION UNITY_SPECCUBE_BLENDING UNITY_ENABLE_DETAIL_NORMALMAP SHADER_API_DESKTOP ok=1
Cmd: compileSnippet
  api=4 type=1 insize=19454 outsize=8866 kw=DYNAMICLIGHTMAP_ON S_RECEIVE_SHADOWS S_SPECULAR_BLINNPHONG LIGHTMAP_OFF DIRLIGHTMAP_OFF D_VALVE_FOG _FLUORESCENCEMAP pd=UNITY_ENABLE_REFLECTION_BUFFERS UNITY_USE_DITHER_MASK_FOR_ALPHABLENDED_SHADOWS UNITY_PBS_USE_BRDF1 UNITY_SPECCUBE_BOX_PROJECTION UNITY_SPECCUBE_BLENDING UNITY_ENABLE_DETAIL_NORMALMAP SHADER_API_DESKTOP ok=1
Cmd: compileSnippet
  api=4 type=1 insize=19454 outsize=7330 kw=DYNAMICLIGHTMAP_ON S_RECEIVE_SHADOWS LIGHTMAP_OFF DIRLIGHTMAP_OFF D_VALVE_FOG D_VALVE_SHADOWING_POINT_LIGHTS S_SPECULAR_NONE pd=UNITY_ENABLE_REFLECTION_BUFFERS UNITY_USE_DITHER_MASK_FOR_ALPHABLENDED_SHADOWS UNITY_PBS_USE_BRDF1 UNITY_SPECCUBE_BOX_PROJECTION UNITY_SPECCUBE_BLENDING UNITY_ENABLE_DETAIL_NORMALMAP SHADER_API_DESKTOP ok=1
Cmd: compileSnippet
  api=4 type=1 insize=19454 outsize=9462 kw=DYNAMICLIGHTMAP_ON S_RECEIVE_SHADOWS S_SPECULAR_BLINNPHONG MATRIX_PALETTE_SKINNING_1BONE LIGHTMAP_OFF DIRLIGHTMAP_OFF D_VALVE_SHADOWING_POINT_LIGHTS _FLUORESCENCEMAP pd=UNITY_ENABLE_REFLECTION_BUFFERS UNITY_USE_DITHER_MASK_FOR_ALPHABLENDED_SHADOWS UNITY_PBS_USE_BRDF1 UNITY_SPECCUBE_BOX_PROJECTION UNITY_SPECCUBE_BLENDING UNITY_ENABLE_DETAIL_NORMALMAP SHADER_API_DESKTOP ok=1
Cmd: compileSnippet
  api=4 type=1 insize=19454 outsize=4854 kw=DYNAMICLIGHTMAP_ON MATRIX_PALETTE_SKINNING_1BONE LIGHTMAP_OFF DIRLIGHTMAP_OFF D_VALVE_FOG D_VALVE_SHADOWING_POINT_LIGHTS S_SPECULAR_NONE pd=UNITY_ENABLE_REFLECTION_BUFFERS UNITY_USE_DITHER_MASK_FOR_ALPHABLENDED_SHADOWS UNITY_PBS_USE_BRDF1 UNITY_SPECCUBE_BOX_PROJECTION UNITY_SPECCUBE_BLENDING UNITY_ENABLE_DETAIL_NORMALMAP SHADER_API_DESKTOP ok=1
Cmd: compileSnippet
  api=4 type=1 insize=19454 outsize=6270 kw=DIRLIGHTMAP_COMBINED S_RECEIVE_SHADOWS LIGHTMAP_OFF DYNAMICLIGHTMAP_OFF S_SPECULAR_NONE pd=UNITY_ENABLE_REFLECTION_BUFFERS UNITY_USE_DITHER_MASK_FOR_ALPHABLENDED_SHADOWS UNITY_PBS_USE_BRDF1 UNITY_SPECCUBE_BOX_PROJECTION UNITY_SPECCUBE_BLENDING UNITY_ENABLE_DETAIL_NORMALMAP SHADER_API_DESKTOP ok=1
Cmd: compileSnippet
  api=4 type=1 insize=19454 outsize=9254 kw=DIRLIGHTMAP_COMBINED S_RECEIVE_SHADOWS S_SPECULAR_BLINNPHONG LIGHTMAP_OFF DYNAMICLIGHTMAP_OFF D_VALVE_SHADOWING_POINT_LIGHTS D_CASTSHADOW pd=UNITY_ENABLE_REFLECTION_BUFFERS UNITY_USE_DITHER_MASK_FOR_ALPHABLENDED_SHADOWS UNITY_PBS_USE_BRDF1 UNITY_SPECCUBE_BOX_PROJECTION UNITY_SPECCUBE_BLENDING UNITY_ENABLE_DETAIL_NORMALMAP SHADER_API_DESKTOP ok=1
Cmd: compileSnippet
  api=4 type=1 insize=19454 outsize=1046 kw=DIRLIGHTMAP_COMBINED _EMISSION LIGHTMAP_OFF DYNAMICLIGHTMAP_OFF D_VALVE_FOG D_VALVE_SHADOWING_POINT_LIGHTS S_SPECULAR_NONE S_UNLIT pd=UNITY_ENABLE_REFLECTION_BUFFERS UNITY_USE_DITHER_MASK_FOR_ALPHABLENDED_SHADOWS UNITY_PBS_USE_BRDF1 UNITY_SPECCUBE_BOX_PROJECTION UNITY_SPECCUBE_BLENDING UNITY_ENABLE_DETAIL_NORMALMAP SHADER_API_DESKTOP ok=1
Cmd: compileSnippet
  api=4 type=1 insize=19454 outsize=9530 kw=DIRLIGHTMAP_COMBINED S_RECEIVE_SHADOWS MATRIX_PALETTE_SKINNING_1BONE S_OCCLUSION S_SPECULAR_METALLIC _METALLICGLOSSMAP _NORMALMAP LIGHTMAP_OFF DYNAMICLIGHTMAP_OFF pd=UNITY_ENABLE_REFLECTION_BUFFERS UNITY_USE_DITHER_MASK_FOR_ALPHABLENDED_SHADOWS UNITY_PBS_USE_BRDF1 UNITY_SPECCUBE_BOX_PROJECTION UNITY_SPECCUBE_BLENDING UNITY_ENABLE_DETAIL_NORMALMAP SHADER_API_DESKTOP ok=1
Cmd: compileSnippet
  api=4 type=1 insize=19454 outsize=9746 kw=DIRLIGHTMAP_COMBINED S_RECEIVE_SHADOWS MATRIX_PALETTE_SKINNING_1BONE S_SPECULAR_METALLIC LIGHTMAP_OFF DYNAMICLIGHTMAP_OFF D_VALVE_SHADOWING_POINT_LIGHTS _FLUORESCENCEMAP pd=UNITY_ENABLE_REFLECTION_BUFFERS UNITY_USE_DITHER_MASK_FOR_ALPHABLENDED_SHADOWS UNITY_PBS_USE_BRDF1 UNITY_SPECCUBE_BOX_PROJECTION UNITY_SPECCUBE_BLENDING UNITY_ENABLE_DETAIL_NORMALMAP SHADER_API_DESKTOP ok=1
Cmd: compileSnippet
  api=4 type=1 insize=19454 outsize=11034 kw=DIRLIGHTMAP_COMBINED S_RECEIVE_SHADOWS MATRIX_PALETTE_SKINNING_1BONE S_OCCLUSION S_SPECULAR_METALLIC _METALLICGLOSSMAP _NORMALMAP LIGHTMAP_OFF DYNAMICLIGHTMAP_OFF D_VALVE_FOG D_VALVE_SHADOWING_POINT_LIGHTS _FLUORESCENCEMAP pd=UNITY_ENABLE_REFLECTION_BUFFERS UNITY_USE_DITHER_MASK_FOR_ALPHABLENDED_SHADOWS UNITY_PBS_USE_BRDF1 UNITY_SPECCUBE_BOX_PROJECTION UNITY_SPECCUBE_BLENDING UNITY_ENABLE_DETAIL_NORMALMAP SHADER_API_DESKTOP ok=1
Cmd: compileSnippet
  api=4 type=1 insize=19454 outsize=9254 kw=DIRLIGHTMAP_SEPARATE S_RECEIVE_SHADOWS S_SPECULAR_BLINNPHONG LIGHTMAP_OFF DYNAMICLIGHTMAP_OFF D_VALVE_SHADOWING_POINT_LIGHTS D_CASTSHADOW pd=UNITY_ENABLE_REFLECTION_BUFFERS UNITY_USE_DITHER_MASK_FOR_ALPHABLENDED_SHADOWS UNITY_PBS_USE_BRDF1 UNITY_SPECCUBE_BOX_PROJECTION UNITY_SPECCUBE_BLENDING UNITY_ENABLE_DETAIL_NORMALMAP SHADER_API_DESKTOP ok=1
Cmd: compileSnippet
  api=4 type=1 insize=19454 outsize=9702 kw=DIRLIGHTMAP_SEPARATE S_RECEIVE_SHADOWS LIGHTMAP_OFF DYNAMICLIGHTMAP_OFF D_VALVE_FOG D_VALVE_SHADOWING_POINT_LIGHTS S_RETROREFLECTIVE pd=UNITY_ENABLE_REFLECTION_BUFFERS UNITY_USE_DITHER_MASK_FOR_ALPHABLENDED_SHADOWS UNITY_PBS_USE_BRDF1 UNITY_SPECCUBE_BOX_PROJECTION UNITY_SPECCUBE_BLENDING UNITY_ENABLE_DETAIL_NORMALMAP SHADER_API_DESKTOP ok=1
Cmd: compileSnippet
  api=4 type=1 insize=19454 outsize=9842 kw=DIRLIGHTMAP_SEPARATE S_RECEIVE_SHADOWS MATRIX_PALETTE_SKINNING_1BONE S_OCCLUSION S_SPECULAR_METALLIC _METALLICGLOSSMAP _NORMALMAP LIGHTMAP_OFF DYNAMICLIGHTMAP_OFF D_VALVE_FOG pd=UNITY_ENABLE_REFLECTION_BUFFERS UNITY_USE_DITHER_MASK_FOR_ALPHABLENDED_SHADOWS UNITY_PBS_USE_BRDF1 UNITY_SPECCUBE_BOX_PROJECTION UNITY_SPECCUBE_BLENDING UNITY_ENABLE_DETAIL_NORMALMAP SHADER_API_DESKTOP ok=1
Cmd: compileSnippet
  api=4 type=1 insize=19454 outsize=11034 kw=DIRLIGHTMAP_SEPARATE S_RECEIVE_SHADOWS MATRIX_PALETTE_SKINNING_1BONE S_OCCLUSION S_SPECULAR_METALLIC _METALLICGLOSSMAP _NORMALMAP LIGHTMAP_OFF DYNAMICLIGHTMAP_OFF D_VALVE_FOG D_VALVE_SHADOWING_POINT_LIGHTS _FLUORESCENCEMAP pd=UNITY_ENABLE_REFLECTION_BUFFERS UNITY_USE_DITHER_MASK_FOR_ALPHABLENDED_SHADOWS UNITY_PBS_USE_BRDF1 UNITY_SPECCUBE_BOX_PROJECTION UNITY_SPECCUBE_BLENDING UNITY_ENABLE_DETAIL_NORMALMAP SHADER_API_DESKTOP ok=1
Cmd: compileSnippet
  api=4 type=1 insize=19454 outsize=9246 kw=DYNAMICLIGHTMAP_ON DIRLIGHTMAP_SEPARATE S_RECEIVE_SHADOWS LIGHTMAP_OFF D_VALVE_SHADOWING_POINT_LIGHTS S_RETROREFLECTIVE pd=UNITY_ENABLE_REFLECTION_BUFFERS UNITY_USE_DITHER_MASK_FOR_ALPHABLENDED_SHADOWS UNITY_PBS_USE_BRDF1 UNITY_SPECCUBE_BOX_PROJECTION UNITY_SPECCUBE_BLENDING UNITY_ENABLE_DETAIL_NORMALMAP SHADER_API_DESKTOP ok=1
Cmd: compileSnippet
  api=4 type=1 insize=19454 outsize=4854 kw=DYNAMICLIGHTMAP_ON DIRLIGHTMAP_SEPARATE LIGHTMAP_OFF D_VALVE_FOG D_VALVE_SHADOWING_POINT_LIGHTS S_SPECULAR_NONE pd=UNITY_ENABLE_REFLECTION_BUFFERS UNITY_USE_DITHER_MASK_FOR_ALPHABLENDED_SHADOWS UNITY_PBS_USE_BRDF1 UNITY_SPECCUBE_BOX_PROJECTION UNITY_SPECCUBE_BLENDING UNITY_ENABLE_DETAIL_NORMALMAP SHADER_API_DESKTOP ok=1
Cmd: compileSnippet
  api=4 type=1 insize=19454 outsize=4542 kw=DYNAMICLIGHTMAP_ON DIRLIGHTMAP_SEPARATE MATRIX_PALETTE_SKINNING_1BONE LIGHTMAP_OFF S_SPECULAR_NONE pd=UNITY_ENABLE_REFLECTION_BUFFERS UNITY_USE_DITHER_MASK_FOR_ALPHABLENDED_SHADOWS UNITY_PBS_USE_BRDF1 UNITY_SPECCUBE_BOX_PROJECTION UNITY_SPECCUBE_BLENDING UNITY_ENABLE_DETAIL_NORMALMAP SHADER_API_DESKTOP ok=1
Cmd: compileSnippet
  api=4 type=1 insize=19454 outsize=734 kw=DYNAMICLIGHTMAP_ON _EMISSION DIRLIGHTMAP_SEPARATE MATRIX_PALETTE_SKINNING_1BONE LIGHTMAP_OFF S_SPECULAR_NONE S_UNLIT pd=UNITY_ENABLE_REFLECTION_BUFFERS UNITY_USE_DITHER_MASK_FOR_ALPHABLENDED_SHADOWS UNITY_PBS_USE_BRDF1 UNITY_SPECCUBE_BOX_PROJECTION UNITY_SPECCUBE_BLENDING UNITY_ENABLE_DETAIL_NORMALMAP SHADER_API_DESKTOP ok=1
Cmd: compileSnippet
  api=4 type=1 insize=19454 outsize=8234 kw=DYNAMICLIGHTMAP_ON DIRLIGHTMAP_SEPARATE S_RECEIVE_SHADOWS S_SPECULAR_BLINNPHONG MATRIX_PALETTE_SKINNING_1BONE LIGHTMAP_OFF D_CASTSHADOW pd=UNITY_ENABLE_REFLECTION_BUFFERS UNITY_USE_DITHER_MASK_FOR_ALPHABLENDED_SHADOWS UNITY_PBS_USE_BRDF1 UNITY_SPECCUBE_BOX_PROJECTION UNITY_SPECCUBE_BLENDING UNITY_ENABLE_DETAIL_NORMALMAP SHADER_API_DESKTOP ok=1
Cmd: compileSnippet
  api=4 type=1 insize=19454 outsize=6438 kw=DYNAMICLIGHTMAP_ON DIRLIGHTMAP_SEPARATE S_RECEIVE_SHADOWS MATRIX_PALETTE_SKINNING_1BONE LIGHTMAP_OFF D_VALVE_FOG S_SPECULAR_NONE pd=UNITY_ENABLE_REFLECTION_BUFFERS UNITY_USE_DITHER_MASK_FOR_ALPHABLENDED_SHADOWS UNITY_PBS_USE_BRDF1 UNITY_SPECCUBE_BOX_PROJECTION UNITY_SPECCUBE_BLENDING UNITY_ENABLE_DETAIL_NORMALMAP SHADER_API_DESKTOP ok=1
Cmd: compileSnippet
  api=1 type=0 insize=4816 outsize=2632 kw=SPOT pd=UNITY_ENABLE_REFLECTION_BUFFERS UNITY_USE_DITHER_MASK_FOR_ALPHABLENDED_SHADOWS UNITY_PBS_USE_BRDF1 UNITY_SPECCUBE_BOX_PROJECTION UNITY_SPECCUBE_BLENDING UNITY_ENABLE_DETAIL_NORMALMAP SHADER_API_DESKTOP ok=1
Cmd: compileSnippet
  api=4 type=0 insize=13897 outsize=1714 kw=DIRECTIONAL SHADOWS_SCREEN pd=UNITY_ENABLE_REFLECTION_BUFFERS UNITY_USE_DITHER_MASK_FOR_ALPHABLENDED_SHADOWS UNITY_PBS_USE_BRDF1 UNITY_SPECCUBE_BOX_PROJECTION UNITY_SPECCUBE_BLENDING UNITY_ENABLE_DETAIL_NORMALMAP SHADER_API_DESKTOP ok=1
Cmd: compileSnippet
  api=1 type=0 insize=4033 outsize=752 kw=POINT pd=UNITY_ENABLE_REFLECTION_BUFFERS UNITY_USE_DITHER_MASK_FOR_ALPHABLENDED_SHADOWS UNITY_PBS_USE_BRDF1 UNITY_SPECCUBE_BOX_PROJECTION UNITY_SPECCUBE_BLENDING UNITY_ENABLE_DETAIL_NORMALMAP SHADER_API_DESKTOP ok=1
Cmd: compileSnippet
  api=4 type=1 insize=4033 outsize=1678 kw=POINT_COOKIE pd=UNITY_ENABLE_REFLECTION_BUFFERS UNITY_USE_DITHER_MASK_FOR_ALPHABLENDED_SHADOWS UNITY_PBS_USE_BRDF1 UNITY_SPECCUBE_BOX_PROJECTION UNITY_SPECCUBE_BLENDING UNITY_ENABLE_DETAIL_NORMALMAP SHADER_API_DESKTOP ok=1
Cmd: compileSnippet
  api=4 type=0 insize=12107 outsize=1290 kw=DYNAMICLIGHTMAP_ON pd=UNITY_ENABLE_REFLECTION_BUFFERS UNITY_USE_DITHER_MASK_FOR_ALPHABLENDED_SHADOWS UNITY_PBS_USE_BRDF1 UNITY_SPECCUBE_BOX_PROJECTION UNITY_SPECCUBE_BLENDING UNITY_ENABLE_DETAIL_NORMALMAP SHADER_API_DESKTOP ok=1
Cmd: compileSnippet
  api=1 type=0 insize=1083 outsize=1084 kw= pd=UNITY_ENABLE_REFLECTION_BUFFERS UNITY_USE_DITHER_MASK_FOR_ALPHABLENDED_SHADOWS UNITY_PBS_USE_BRDF1 UNITY_SPECCUBE_BOX_PROJECTION UNITY_SPECCUBE_BLENDING UNITY_ENABLE_DETAIL_NORMALMAP SHADER_API_DESKTOP ok=1
Cmd: compileSnippet
  api=1 type=0 insize=1241 outsize=1400 kw= pd=UNITY_ENABLE_REFLECTION_BUFFERS UNITY_USE_DITHER_MASK_FOR_ALPHABLENDED_SHADOWS UNITY_PBS_USE_BRDF1 UNITY_SPECCUBE_BOX_PROJECTION UNITY_SPECCUBE_BLENDING UNITY_ENABLE_DETAIL_NORMALMAP SHADER_API_DESKTOP ok=1
Cmd: compileSnippet
  api=4 type=1 insize=1110 outsize=646 kw= pd=UNITY_ENABLE_REFLECTION_BUFFERS UNITY_USE_DITHER_MASK_FOR_ALPHABLENDED_SHADOWS UNITY_PBS_USE_BRDF1 UNITY_SPECCUBE_BOX_PROJECTION UNITY_SPECCUBE_BLENDING UNITY_ENABLE_DETAIL_NORMALMAP SHADER_API_DESKTOP ok=1
Cmd: compileSnippet
  api=1 type=1 insize=1142 outsize=448 kw= pd=UNITY_ENABLE_REFLECTION_BUFFERS UNITY_USE_DITHER_MASK_FOR_ALPHABLENDED_SHADOWS UNITY_PBS_USE_BRDF1 UNITY_SPECCUBE_BOX_PROJECTION UNITY_SPECCUBE_BLENDING UNITY_ENABLE_DETAIL_NORMALMAP SHADER_API_DESKTOP ok=1
Cmd: compileSnippet
  api=4 type=0 insize=11140 outsize=1258 kw= pd=UNITY_ENABLE_REFLECTION_BUFFERS UNITY_USE_DITHER_MASK_FOR_ALPHABLENDED_SHADOWS UNITY_PBS_USE_BRDF1 UNITY_SPECCUBE_BOX_PROJECTION UNITY_SPECCUBE_BLENDING UNITY_ENABLE_DETAIL_NORMALMAP SHADER_API_DESKTOP ok=1
Cmd: compileSnippet
  api=4 type=1 insize=11166 outsize=5422 kw= pd=UNITY_ENABLE_REFLECTION_BUFFERS UNITY_USE_DITHER_MASK_FOR_ALPHABLENDED_SHADOWS UNITY_PBS_USE_BRDF1 UNITY_SPECCUBE_BOX_PROJECTION UNITY_SPECCUBE_BLENDING UNITY_ENABLE_DETAIL_NORMALMAP SHADER_API_DESKTOP ok=1
Cmd: compileSnippet
  api=4 type=1 insize=11170 outsize=4410 kw=SHADOWS_SINGLE_CASCADE pd=UNITY_ENABLE_REFLECTION_BUFFERS UNITY_USE_DITHER_MASK_FOR_ALPHABLENDED_SHADOWS UNITY_PBS_USE_BRDF1 UNITY_SPECCUBE_BOX_PROJECTION UNITY_SPECCUBE_BLENDING UNITY_ENABLE_DETAIL_NORMALMAP SHADER_API_DESKTOP ok=1
Cmd: compileSnippet
  api=1 type=1 insize=1213 outsize=252 kw= pd=UNITY_ENABLE_REFLECTION_BUFFERS UNITY_USE_DITHER_MASK_FOR_ALPHABLENDED_SHADOWS UNITY_PBS_USE_BRDF1 UNITY_SPECCUBE_BOX_PROJECTION UNITY_SPECCUBE_BLENDING UNITY_ENABLE_DETAIL_NORMALMAP SHADER_API_DESKTOP ok=1
Cmd: compileSnippet
  api=4 type=0 insize=3432 outsize=1118 kw= pd=UNITY_ENABLE_REFLECTION_BUFFERS UNITY_USE_DITHER_MASK_FOR_ALPHABLENDED_SHADOWS UNITY_PBS_USE_BRDF1 UNITY_SPECCUBE_BOX_PROJECTION UNITY_SPECCUBE_BLENDING UNITY_ENABLE_DETAIL_NORMALMAP SHADER_API_DESKTOP ok=1
Cmd: compileSnippet
  api=1 type=1 insize=5727 outsize=868 kw= pd=UNITY_ENABLE_REFLECTION_BUFFERS UNITY_USE_DITHER_MASK_FOR_ALPHABLENDED_SHADOWS UNITY_PBS_USE_BRDF1 UNITY_SPECCUBE_BOX_PROJECTION UNITY_SPECCUBE_BLENDING UNITY_ENABLE_DETAIL_NORMALMAP SHADER_API_DESKTOP ok=1
Cmd: compileSnippet
  api=4 type=0 insize=1605 outsize=1094 kw= pd=UNITY_ENABLE_REFLECTION_BUFFERS UNITY_USE_DITHER_MASK_FOR_ALPHABLENDED_SHADOWS UNITY_PBS_USE_BRDF1 UNITY_SPECCUBE_BOX_PROJECTION UNITY_SPECCUBE_BLENDING UNITY_ENABLE_DETAIL_NORMALMAP SHADER_API_DESKTOP ok=1
Cmd: compileSnippet
  api=1 type=1 insize=4507 outsize=2288 kw= pd=UNITY_ENABLE_REFLECTION_BUFFERS UNITY_USE_DITHER_MASK_FOR_ALPHABLENDED_SHADOWS UNITY_PBS_USE_BRDF1 UNITY_SPECCUBE_BOX_PROJECTION UNITY_SPECCUBE_BLENDING UNITY_ENABLE_DETAIL_NORMALMAP SHADER_API_DESKTOP ok=1
Cmd: compileSnippet
  api=4 type=0 insize=1769 outsize=862 kw=PIXELSNAP_ON pd=UNITY_ENABLE_REFLECTION_BUFFERS UNITY_USE_DITHER_MASK_FOR_ALPHABLENDED_SHADOWS UNITY_PBS_USE_BRDF1 UNITY_SPECCUBE_BOX_PROJECTION UNITY_SPECCUBE_BLENDING UNITY_ENABLE_DETAIL_NORMALMAP SHADER_API_DESKTOP ok=1
Cmd: compileSnippet
  api=4 type=0 insize=8256 outsize=682 kw= pd=UNITY_ENABLE_REFLECTION_BUFFERS UNITY_USE_DITHER_MASK_FOR_ALPHABLENDED_SHADOWS UNITY_PBS_USE_BRDF1 UNITY_SPECCUBE_BOX_PROJECTION UNITY_SPECCUBE_BLENDING UNITY_ENABLE_DETAIL_NORMALMAP SHADER_API_DESKTOP ok=1
Cmd: compileSnippet
  api=1 type=0 insize=6739 outsize=448 kw= pd=UNITY_ENABLE_REFLECTION_BUFFERS UNITY_USE_DITHER_MASK_FOR_ALPHABLENDED_SHADOWS UNITY_PBS_USE_BRDF1 UNITY_SPECCUBE_BOX_PROJECTION UNITY_SPECCUBE_BLENDING UNITY_ENABLE_DETAIL_NORMALMAP SHADER_API_DESKTOP ok=1
Cmd: compileSnippet
  api=4 type=1 insize=6740 outsize=598 kw= pd=UNITY_ENABLE_REFLECTION_BUFFERS UNITY_USE_DITHER_MASK_FOR_ALPHABLENDED_SHADOWS UNITY_PBS_USE_BRDF1 UNITY_SPECCUBE_BOX_PROJECTION UNITY_SPECCUBE_BLENDING UNITY_ENABLE_DETAIL_NORMALMAP SHADER_API_DESKTOP ok=1
Cmd: compileSnippet
  api=4 type=0 insize=19454 outsize=758 kw=_EMISSION LIGHTMAP_OFF DIRLIGHTMAP_OFF DYNAMICLIGHTMAP_OFF D_VALVE_SHADOWING_POINT_LIGHTS S_SPECULAR_NONE S_UNLIT pd=UNITY_ENABLE_REFLECTION_BUFFERS UNITY_USE_DITHER_MASK_FOR_ALPHABLENDED_SHADOWS UNITY_PBS_USE_BRDF1 UNITY_SPECCUBE_BOX_PROJECTION UNITY_SPECCUBE_BLENDING UNITY_ENABLE_DETAIL_NORMALMAP SHADER_API_DESKTOP ok=1
Cmd: compileSnippet
  api=4 type=0 insize=19454 outsize=1494 kw=_EMISSION LIGHTMAP_OFF DIRLIGHTMAP_OFF DYNAMICLIGHTMAP_OFF D_VALVE_FOG S_SPECULAR_NONE S_UNLIT pd=UNITY_ENABLE_REFLECTION_BUFFERS UNITY_USE_DITHER_MASK_FOR_ALPHABLENDED_SHADOWS UNITY_PBS_USE_BRDF1 UNITY_SPECCUBE_BOX_PROJECTION UNITY_SPECCUBE_BLENDING UNITY_ENABLE_DETAIL_NORMALMAP SHADER_API_DESKTOP ok=1
Cmd: compileSnippet
  api=4 type=0 insize=19454 outsize=2718 kw=S_RECEIVE_SHADOWS MATRIX_PALETTE_SKINNING_1BONE S_OCCLUSION S_SPECULAR_METALLIC _METALLICGLOSSMAP _NORMALMAP LIGHTMAP_OFF DIRLIGHTMAP_OFF DYNAMICLIGHTMAP_OFF pd=UNITY_ENABLE_REFLECTION_BUFFERS UNITY_USE_DITHER_MASK_FOR_ALPHABLENDED_SHADOWS UNITY_PBS_USE_BRDF1 UNITY_SPECCUBE_BOX_PROJECTION UNITY_SPECCUBE_BLENDING UNITY_ENABLE_DETAIL_NORMALMAP SHADER_API_DESKTOP ok=1
Cmd: compileSnippet
  api=4 type=0 insize=19454 outsize=2194 kw=S_RECEIVE_SHADOWS MATRIX_PALETTE_SKINNING_1BONE LIGHTMAP_OFF DIRLIGHTMAP_OFF DYNAMICLIGHTMAP_OFF D_VALVE_SHADOWING_POINT_LIGHTS S_RETROREFLECTIVE pd=UNITY_ENABLE_REFLECTION_BUFFERS UNITY_USE_DITHER_MASK_FOR_ALPHABLENDED_SHADOWS UNITY_PBS_USE_BRDF1 UNITY_SPECCUBE_BOX_PROJECTION UNITY_SPECCUBE_BLENDING UNITY_ENABLE_DETAIL_NORMALMAP SHADER_API_DESKTOP ok=1
Cmd: compileSnippet
  api=4 type=0 insize=19454 outsize=2798 kw=S_RECEIVE_SHADOWS MATRIX_PALETTE_SKINNING_1BONE LIGHTMAP_OFF DIRLIGHTMAP_OFF DYNAMICLIGHTMAP_OFF D_VALVE_FOG S_SPECULAR_NONE pd=UNITY_ENABLE_REFLECTION_BUFFERS UNITY_USE_DITHER_MASK_FOR_ALPHABLENDED_SHADOWS UNITY_PBS_USE_BRDF1 UNITY_SPECCUBE_BOX_PROJECTION UNITY_SPECCUBE_BLENDING UNITY_ENABLE_DETAIL_NORMALMAP SHADER_API_DESKTOP ok=1
Cmd: compileSnippet
  api=4 type=0 insize=19454 outsize=2798 kw=S_RECEIVE_SHADOWS S_SPECULAR_BLINNPHONG MATRIX_PALETTE_SKINNING_1BONE LIGHTMAP_OFF DIRLIGHTMAP_OFF DYNAMICLIGHTMAP_OFF D_VALVE_FOG D_VALVE_SHADOWING_POINT_LIGHTS D_CASTSHADOW pd=UNITY_ENABLE_REFLECTION_BUFFERS UNITY_USE_DITHER_MASK_FOR_ALPHABLENDED_SHADOWS UNITY_PBS_USE_BRDF1 UNITY_SPECCUBE_BOX_PROJECTION UNITY_SPECCUBE_BLENDING UNITY_ENABLE_DETAIL_NORMALMAP SHADER_API_DESKTOP ok=1
Cmd: compileSnippet
  api=4 type=0 insize=19454 outsize=1770 kw=DYNAMICLIGHTMAP_ON S_RECEIVE_SHADOWS S_OCCLUSION S_SPECULAR_METALLIC _METALLICGLOSSMAP _NORMALMAP LIGHTMAP_OFF DIRLIGHTMAP_OFF D_VALVE_SHADOWING_POINT_LIGHTS _FLUORESCENCEMAP pd=UNITY_ENABLE_REFLECTION_BUFFERS UNITY_USE_DITHER_MASK_FOR_ALPHABLENDED_SHADOWS UNITY_PBS_USE_BRDF1 UNITY_SPECCUBE_BOX_PROJECTION UNITY_SPECCUBE_BLENDING UNITY_ENABLE_DETAIL_NORMALMAP SHADER_API_DESKTOP ok=1
Cmd: compileSnippet
  api=4 type=0 insize=19454 outsize=1934 kw=DYNAMICLIGHTMAP_ON S_RECEIVE_SHADOWS S_SPECULAR_BLINNPHONG LIGHTMAP_OFF DIRLIGHTMAP_OFF D_VALVE_FOG D_CASTSHADOW pd=UNITY_ENABLE_REFLECTION_BUFFERS UNITY_USE_DITHER_MASK_FOR_ALPHABLENDED_SHADOWS UNITY_PBS_USE_BRDF1 UNITY_SPECCUBE_BOX_PROJECTION UNITY_SPECCUBE_BLENDING UNITY_ENABLE_DETAIL_NORMALMAP SHADER_API_DESKTOP ok=1
Cmd: compileSnippet
  api=4 type=0 insize=19454 outsize=2882 kw=DYNAMICLIGHTMAP_ON S_RECEIVE_SHADOWS MATRIX_PALETTE_SKINNING_1BONE S_OCCLUSION S_SPECULAR_METALLIC _METALLICGLOSSMAP _NORMALMAP LIGHTMAP_OFF DIRLIGHTMAP_OFF pd=UNITY_ENABLE_REFLECTION_BUFFERS UNITY_USE_DITHER_MASK_FOR_ALPHABLENDED_SHADOWS UNITY_PBS_USE_BRDF1 UNITY_SPECCUBE_BOX_PROJECTION UNITY_SPECCUBE_BLENDING UNITY_ENABLE_DETAIL_NORMALMAP SHADER_API_DESKTOP ok=1
Cmd: compileSnippet
  api=4 type=0 insize=19454 outsize=2358 kw=DYNAMICLIGHTMAP_ON MATRIX_PALETTE_SKINNING_1BONE LIGHTMAP_OFF DIRLIGHTMAP_OFF D_VALVE_SHADOWING_POINT_LIGHTS S_SPECULAR_NONE pd=UNITY_ENABLE_REFLECTION_BUFFERS UNITY_USE_DITHER_MASK_FOR_ALPHABLENDED_SHADOWS UNITY_PBS_USE_BRDF1 UNITY_SPECCUBE_BOX_PROJECTION UNITY_SPECCUBE_BLENDING UNITY_ENABLE_DETAIL_NORMALMAP SHADER_API_DESKTOP ok=1
Cmd: compileSnippet
  api=4 type=0 insize=19454 outsize=2166 kw=DYNAMICLIGHTMAP_ON _EMISSION MATRIX_PALETTE_SKINNING_1BONE LIGHTMAP_OFF DIRLIGHTMAP_OFF D_VALVE_FOG S_SPECULAR_NONE S_UNLIT pd=UNITY_ENABLE_REFLECTION_BUFFERS UNITY_USE_DITHER_MASK_FOR_ALPHABLENDED_SHADOWS UNITY_PBS_USE_BRDF1 UNITY_SPECCUBE_BOX_PROJECTION UNITY_SPECCUBE_BLENDING UNITY_ENABLE_DETAIL_NORMALMAP SHADER_API_DESKTOP ok=1
Cmd: compileSnippet
  api=4 type=0 insize=19454 outsize=2962 kw=DYNAMICLIGHTMAP_ON S_RECEIVE_SHADOWS S_SPECULAR_BLINNPHONG MATRIX_PALETTE_SKINNING_1BONE LIGHTMAP_OFF DIRLIGHTMAP_OFF D_VALVE_FOG D_VALVE_SHADOWING_POINT_LIGHTS D_CASTSHADOW pd=UNITY_ENABLE_REFLECTION_BUFFERS UNITY_USE_DITHER_MASK_FOR_ALPHABLENDED_SHADOWS UNITY_PBS_USE_BRDF1 UNITY_SPECCUBE_BOX_PROJECTION UNITY_SPECCUBE_BLENDING UNITY_ENABLE_DETAIL_NORMALMAP SHADER_API_DESKTOP ok=1
Cmd: compileSnippet
  api=4 type=0 insize=19454 outsize=1166 kw=DIRLIGHTMAP_COMBINED S_RECEIVE_SHADOWS S_SPECULAR_METALLIC LIGHTMAP_OFF DYNAMICLIGHTMAP_OFF D_VALVE_SHADOWING_POINT_LIGHTS _FLUORESCENCEMAP pd=UNITY_ENABLE_REFLECTION_BUFFERS UNITY_USE_DITHER_MASK_FOR_ALPHABLENDED_SHADOWS UNITY_PBS_USE_BRDF1 UNITY_SPECCUBE_BOX_PROJECTION UNITY_SPECCUBE_BLENDING UNITY_ENABLE_DETAIL_NORMALMAP SHADER_API_DESKTOP ok=1
Cmd: compileSnippet
  api=4 type=0 insize=19454 outsize=1770 kw=DIRLIGHTMAP_COMBINED S_RECEIVE_SHADOWS LIGHTMAP_OFF DYNAMICLIGHTMAP_OFF D_VALVE_FOG S_SPECULAR_NONE pd=UNITY_ENABLE_REFLECTION_BUFFERS UNITY_USE_DITHER_MASK_FOR_ALPHABLENDED_SHADOWS UNITY_PBS_USE_BRDF1 UNITY_SPECCUBE_BOX_PROJECTION UNITY_SPECCUBE_BLENDING UNITY_ENABLE_DETAIL_NORMALMAP SHADER_API_DESKTOP ok=1
Cmd: compileSnippet
  api=4 type=0 insize=19454 outsize=1494 kw=DIRLIGHTMAP_COMBINED _EMISSION LIGHTMAP_OFF DYNAMICLIGHTMAP_OFF D_VALVE_FOG D_VALVE_SHADOWING_POINT_LIGHTS S_SPECULAR_NONE S_UNLIT pd=UNITY_ENABLE_REFLECTION_BUFFERS UNITY_USE_DITHER_MASK_FOR_ALPHABLENDED_SHADOWS UNITY_PBS_USE_BRDF1 UNITY_SPECCUBE_BOX_PROJECTION UNITY_SPECCUBE_BLENDING UNITY_ENABLE_DETAIL_NORMALMAP SHADER_API_DESKTOP ok=1
Cmd: compileSnippet
  api=4 type=0 insize=19454 outsize=2718 kw=DIRLIGHTMAP_COMBINED S_RECEIVE_SHADOWS MATRIX_PALETTE_SKINNING_1BONE S_OCCLUSION S_SPECULAR_METALLIC _METALLICGLOSSMAP _NORMALMAP LIGHTMAP_OFF DYNAMICLIGHTMAP_OFF D_CASTSHADOW pd=UNITY_ENABLE_REFLECTION_BUFFERS UNITY_USE_DITHER_MASK_FOR_ALPHABLENDED_SHADOWS UNITY_PBS_USE_BRDF1 UNITY_SPECCUBE_BOX_PROJECTION UNITY_SPECCUBE_BLENDING UNITY_ENABLE_DETAIL_NORMALMAP SHADER_API_DESKTOP ok=1
Cmd: compileSnippet
  api=4 type=0 insize=19454 outsize=2798 kw=DIRLIGHTMAP_COMBINED S_RECEIVE_SHADOWS MATRIX_PALETTE_SKINNING_1BONE S_SPECULAR_METALLIC LIGHTMAP_OFF DYNAMICLIGHTMAP_OFF D_VALVE_FOG _FLUORESCENCEMAP pd=UNITY_ENABLE_REFLECTION_BUFFERS UNITY_USE_DITHER_MASK_FOR_ALPHABLENDED_SHADOWS UNITY_PBS_USE_BRDF1 UNITY_SPECCUBE_BOX_PROJECTION UNITY_SPECCUBE_BLENDING UNITY_ENABLE_DETAIL_NORMALMAP SHADER_API_DESKTOP ok=1
Cmd: compileSnippet
  api=4 type=0 insize=19454 outsize=2798 kw=DIRLIGHTMAP_COMBINED S_RECEIVE_SHADOWS MATRIX_PALETTE_SKINNING_1BONE LIGHTMAP_OFF DYNAMICLIGHTMAP_OFF D_VALVE_FOG D_VALVE_SHADOWING_POINT_LIGHTS S_RETROREFLECTIVE pd=UNITY_ENABLE_REFLECTION_BUFFERS UNITY_USE_DITHER_MASK_FOR_ALPHABLENDED_SHADOWS UNITY_PBS_USE_BRDF1 UNITY_SPECCUBE_BOX_PROJECTION UNITY_SPECCUBE_BLENDING UNITY_ENABLE_DETAIL_NORMALMAP SHADER_API_DESKTOP ok=1
Cmd: compileSnippet
  api=4 type=0 insize=19454 outsize=1166 kw=DIRLIGHTMAP_SEPARATE S_RECEIVE_SHADOWS LIGHTMAP_OFF DYNAMICLIGHTMAP_OFF S_RETROREFLECTIVE pd=UNITY_ENABLE_REFLECTION_BUFFERS UNITY_USE_DITHER_MASK_FOR_ALPHABLENDED_SHADOWS UNITY_PBS_USE_BRDF1 UNITY_SPECCUBE_BOX_PROJECTION UNITY_SPECCUBE_BLENDING UNITY_ENABLE_DETAIL_NORMALMAP SHADER_API_DESKTOP ok=1
Cmd: compileSnippet
  api=4 type=0 insize=19454 outsize=1770 kw=DIRLIGHTMAP_SEPARATE S_RECEIVE_SHADOWS S_SPECULAR_METALLIC LIGHTMAP_OFF DYNAMICLIGHTMAP_OFF D_VALVE_FOG pd=UNITY_ENABLE_REFLECTION_BUFFERS UNITY_USE_DITHER_MASK_FOR_ALPHABLENDED_SHADOWS UNITY_PBS_USE_BRDF1 UNITY_SPECCUBE_BOX_PROJECTION UNITY_SPECCUBE_BLENDING UNITY_ENABLE_DETAIL_NORMALMAP SHADER_API_DESKTOP ok=1
Cmd: compileSnippet
  api=4 type=0 insize=19454 outsize=1770 kw=DIRLIGHTMAP_SEPARATE LIGHTMAP_OFF DYNAMICLIGHTMAP_OFF D_VALVE_FOG D_VALVE_SHADOWING_POINT_LIGHTS S_SPECULAR_NONE pd=UNITY_ENABLE_REFLECTION_BUFFERS UNITY_USE_DITHER_MASK_FOR_ALPHABLENDED_SHADOWS UNITY_PBS_USE_BRDF1 UNITY_SPECCUBE_BOX_PROJECTION UNITY_SPECCUBE_BLENDING UNITY_ENABLE_DETAIL_NORMALMAP SHADER_API_DESKTOP ok=1
Cmd: compileSnippet
  api=4 type=0 insize=19454 outsize=1322 kw=_EMISSION DIRLIGHTMAP_SEPARATE MATRIX_PALETTE_SKINNING_1BONE LIGHTMAP_OFF DYNAMICLIGHTMAP_OFF S_SPECULAR_NONE S_UNLIT pd=UNITY_ENABLE_REFLECTION_BUFFERS UNITY_USE_DITHER_MASK_FOR_ALPHABLENDED_SHADOWS UNITY_PBS_USE_BRDF1 UNITY_SPECCUBE_BOX_PROJECTION UNITY_SPECCUBE_BLENDING UNITY_ENABLE_DETAIL_NORMALMAP SHADER_API_DESKTOP ok=1
Cmd: compileSnippet
  api=4 type=0 insize=19454 outsize=2798 kw=DIRLIGHTMAP_SEPARATE MATRIX_PALETTE_SKINNING_1BONE LIGHTMAP_OFF DYNAMICLIGHTMAP_OFF D_VALVE_FOG S_SPECULAR_NONE pd=UNITY_ENABLE_REFLECTION_BUFFERS UNITY_USE_DITHER_MASK_FOR_ALPHABLENDED_SHADOWS UNITY_PBS_USE_BRDF1 UNITY_SPECCUBE_BOX_PROJECTION UNITY_SPECCUBE_BLENDING UNITY_ENABLE_DETAIL_NORMALMAP SHADER_API_DESKTOP ok=1
Cmd: compileSnippet
  api=4 type=0 insize=19454 outsize=2798 kw=DIRLIGHTMAP_SEPARATE S_RECEIVE_SHADOWS MATRIX_PALETTE_SKINNING_1BONE LIGHTMAP_OFF DYNAMICLIGHTMAP_OFF D_VALVE_FOG D_VALVE_SHADOWING_POINT_LIGHTS S_RETROREFLECTIVE pd=UNITY_ENABLE_REFLECTION_BUFFERS UNITY_USE_DITHER_MASK_FOR_ALPHABLENDED_SHADOWS UNITY_PBS_USE_BRDF1 UNITY_SPECCUBE_BOX_PROJECTION UNITY_SPECCUBE_BLENDING UNITY_ENABLE_DETAIL_NORMALMAP SHADER_API_DESKTOP ok=1
Cmd: compileSnippet
  api=4 type=0 insize=19454 outsize=1770 kw=DYNAMICLIGHTMAP_ON DIRLIGHTMAP_SEPARATE S_RECEIVE_SHADOWS S_OCCLUSION S_SPECULAR_METALLIC _METALLICGLOSSMAP _NORMALMAP LIGHTMAP_OFF D_VALVE_SHADOWING_POINT_LIGHTS _FLUORESCENCEMAP pd=UNITY_ENABLE_REFLECTION_BUFFERS UNITY_USE_DITHER_MASK_FOR_ALPHABLENDED_SHADOWS UNITY_PBS_USE_BRDF1 UNITY_SPECCUBE_BOX_PROJECTION UNITY_SPECCUBE_BLENDING UNITY_ENABLE_DETAIL_NORMALMAP SHADER_API_DESKTOP ok=1
Cmd: compileSnippet
  api=4 type=0 insize=19454 outsize=1934 kw=DYNAMICLIGHTMAP_ON DIRLIGHTMAP_SEPARATE S_RECEIVE_SHADOWS S_SPECULAR_METALLIC LIGHTMAP_OFF D_VALVE_FOG D_VALVE_SHADOWING_POINT_LIGHTS pd=UNITY_ENABLE_REFLECTION_BUFFERS UNITY_USE_DITHER_MASK_FOR_ALPHABLENDED_SHADOWS UNITY_PBS_USE_BRDF1 UNITY_SPECCUBE_BOX_PROJECTION UNITY_SPECCUBE_BLENDING UNITY_ENABLE_DETAIL_NORMALMAP SHADER_API_DESKTOP ok=1
Cmd: compileSnippet
  api=4 type=0 insize=19454 outsize=2882 kw=DYNAMICLIGHTMAP_ON DIRLIGHTMAP_SEPARATE S_RECEIVE_SHADOWS MATRIX_PALETTE_SKINNING_1BONE S_OCCLUSION S_SPECULAR_METALLIC _METALLICGLOSSMAP _NORMALMAP LIGHTMAP_OFF _FLUORESCENCEMAP pd=UNITY_ENABLE_REFLECTION_BUFFERS UNITY_USE_DITHER_MASK_FOR_ALPHABLENDED_SHADOWS UNITY_PBS_USE_BRDF1 UNITY_SPECCUBE_BOX_PROJECTION UNITY_SPECCUBE_BLENDING UNITY_ENABLE_DETAIL_NORMALMAP SHADER_API_DESKTOP ok=1
Cmd: compileSnippet
  api=4 type=0 insize=19454 outsize=2358 kw=DYNAMICLIGHTMAP_ON DIRLIGHTMAP_SEPARATE MATRIX_PALETTE_SKINNING_1BONE LIGHTMAP_OFF D_VALVE_SHADOWING_POINT_LIGHTS S_SPECULAR_NONE pd=UNITY_ENABLE_REFLECTION_BUFFERS UNITY_USE_DITHER_MASK_FOR_ALPHABLENDED_SHADOWS UNITY_PBS_USE_BRDF1 UNITY_SPECCUBE_BOX_PROJECTION UNITY_SPECCUBE_BLENDING UNITY_ENABLE_DETAIL_NORMALMAP SHADER_API_DESKTOP ok=1
Cmd: compileSnippet
  api=4 type=0 insize=19454 outsize=2962 kw=DYNAMICLIGHTMAP_ON DIRLIGHTMAP_SEPARATE S_RECEIVE_SHADOWS MATRIX_PALETTE_SKINNING_1BONE S_SPECULAR_METALLIC LIGHTMAP_OFF D_VALVE_FOG D_VALVE_SHADOWING_POINT_LIGHTS pd=UNITY_ENABLE_REFLECTION_BUFFERS UNITY_USE_DITHER_MASK_FOR_ALPHABLENDED_SHADOWS UNITY_PBS_USE_BRDF1 UNITY_SPECCUBE_BOX_PROJECTION UNITY_SPECCUBE_BLENDING UNITY_ENABLE_DETAIL_NORMALMAP SHADER_API_DESKTOP ok=1
Cmd: compileSnippet
  api=4 type=1 insize=19454 outsize=9746 kw=S_RECEIVE_SHADOWS S_SPECULAR_METALLIC LIGHTMAP_OFF DIRLIGHTMAP_OFF DYNAMICLIGHTMAP_OFF D_VALVE_SHADOWING_POINT_LIGHTS _FLUORESCENCEMAP pd=UNITY_ENABLE_REFLECTION_BUFFERS UNITY_USE_DITHER_MASK_FOR_ALPHABLENDED_SHADOWS UNITY_PBS_USE_BRDF1 UNITY_SPECCUBE_BOX_PROJECTION UNITY_SPECCUBE_BLENDING UNITY_ENABLE_DETAIL_NORMALMAP SHADER_API_DESKTOP ok=1
Cmd: compileSnippet
  api=4 type=1 insize=19454 outsize=9902 kw=S_RECEIVE_SHADOWS S_SPECULAR_BLINNPHONG LIGHTMAP_OFF DIRLIGHTMAP_OFF DYNAMICLIGHTMAP_OFF D_VALVE_FOG D_VALVE_SHADOWING_POINT_LIGHTS _FLUORESCENCEMAP pd=UNITY_ENABLE_REFLECTION_BUFFERS UNITY_USE_DITHER_MASK_FOR_ALPHABLENDED_SHADOWS UNITY_PBS_USE_BRDF1 UNITY_SPECCUBE_BOX_PROJECTION UNITY_SPECCUBE_BLENDING UNITY_ENABLE_DETAIL_NORMALMAP SHADER_API_DESKTOP ok=1
Cmd: compileSnippet
  api=4 type=1 insize=19454 outsize=8378 kw=S_RECEIVE_SHADOWS S_SPECULAR_BLINNPHONG MATRIX_PALETTE_SKINNING_1BONE LIGHTMAP_OFF DIRLIGHTMAP_OFF DYNAMICLIGHTMAP_OFF D_CASTSHADOW pd=UNITY_ENABLE_REFLECTION_BUFFERS UNITY_USE_DITHER_MASK_FOR_ALPHABLENDED_SHADOWS UNITY_PBS_USE_BRDF1 UNITY_SPECCUBE_BOX_PROJECTION UNITY_SPECCUBE_BLENDING UNITY_ENABLE_DETAIL_NORMALMAP SHADER_API_DESKTOP ok=1
Cmd: compileSnippet
  api=4 type=1 insize=19454 outsize=9010 kw=S_RECEIVE_SHADOWS S_SPECULAR_BLINNPHONG MATRIX_PALETTE_SKINNING_1BONE LIGHTMAP_OFF DIRLIGHTMAP_OFF DYNAMICLIGHTMAP_OFF D_VALVE_FOG _FLUORESCENCEMAP pd=UNITY_ENABLE_REFLECTION_BUFFERS UNITY_USE_DITHER_MASK_FOR_ALPHABLENDED_SHADOWS UNITY_PBS_USE_BRDF1 UNITY_SPECCUBE_BOX_PROJECTION UNITY_SPECCUBE_BLENDING UNITY_ENABLE_DETAIL_NORMALMAP SHADER_API_DESKTOP ok=1
Cmd: compileSnippet
  api=4 type=1 insize=19454 outsize=9702 kw=S_RECEIVE_SHADOWS MATRIX_PALETTE_SKINNING_1BONE LIGHTMAP_OFF DIRLIGHTMAP_OFF DYNAMICLIGHTMAP_OFF D_VALVE_FOG D_VALVE_SHADOWING_POINT_LIGHTS S_RETROREFLECTIVE pd=UNITY_ENABLE_REFLECTION_BUFFERS UNITY_USE_DITHER_MASK_FOR_ALPHABLENDED_SHADOWS UNITY_PBS_USE_BRDF1 UNITY_SPECCUBE_BOX_PROJECTION UNITY_SPECCUBE_BLENDING UNITY_ENABLE_DETAIL_NORMALMAP SHADER_API_DESKTOP ok=1
Cmd: compileSnippet
  api=4 type=1 insize=19454 outsize=10278 kw=DYNAMICLIGHTMAP_ON S_RECEIVE_SHADOWS S_OCCLUSION S_SPECULAR_METALLIC _METALLICGLOSSMAP _NORMALMAP LIGHTMAP_OFF DIRLIGHTMAP_OFF D_VALVE_SHADOWING_POINT_LIGHTS D_CASTSHADOW pd=UNITY_ENABLE_REFLECTION_BUFFERS UNITY_USE_DITHER_MASK_FOR_ALPHABLENDED_SHADOWS UNITY_PBS_USE_BRDF1 UNITY_SPECCUBE_BOX_PROJECTION UNITY_SPECCUBE_BLENDING UNITY_ENABLE_DETAIL_NORMALMAP SHADER_API_DESKTOP ok=1
Cmd: compileSnippet
  api=4 type=1 insize=19454 outsize=8554 kw=DYNAMICLIGHTMAP_ON S_RECEIVE_SHADOWS S_SPECULAR_BLINNPHONG MATRIX_PALETTE_SKINNING_1BONE LIGHTMAP_OFF DIRLIGHTMAP_OFF _FLUORESCENCEMAP pd=UNITY_ENABLE_REFLECTION_BUFFERS UNITY_USE_DITHER_MASK_FOR_ALPHABLENDED_SHADOWS UNITY_PBS_USE_BRDF1 UNITY_SPECCUBE_BOX_PROJECTION UNITY_SPECCUBE_BLENDING UNITY_ENABLE_DETAIL_NORMALMAP SHADER_API_DESKTOP ok=1
Cmd: compileSnippet
  api=4 type=1 insize=19454 outsize=9386 kw=DYNAMICLIGHTMAP_ON S_RECEIVE_SHADOWS MATRIX_PALETTE_SKINNING_1BONE S_OCCLUSION S_SPECULAR_METALLIC _METALLICGLOSSMAP _NORMALMAP LIGHTMAP_OFF DIRLIGHTMAP_OFF D_CASTSHADOW pd=UNITY_ENABLE_REFLECTION_BUFFERS UNITY_USE_DITHER_MASK_FOR_ALPHABLENDED_SHADOWS UNITY_PBS_USE_BRDF1 UNITY_SPECCUBE_BOX_PROJECTION UNITY_SPECCUBE_BLENDING UNITY_ENABLE_DETAIL_NORMALMAP SHADER_API_DESKTOP ok=1
Cmd: compileSnippet
  api=4 type=1 insize=19454 outsize=6438 kw=DYNAMICLIGHTMAP_ON S_RECEIVE_SHADOWS MATRIX_PALETTE_SKINNING_1BONE LIGHTMAP_OFF DIRLIGHTMAP_OFF D_VALVE_FOG S_SPECULAR_NONE pd=UNITY_ENABLE_REFLECTION_BUFFERS UNITY_USE_DITHER_MASK_FOR_ALPHABLENDED_SHADOWS UNITY_PBS_USE_BRDF1 UNITY_SPECCUBE_BOX_PROJECTION UNITY_SPECCUBE_BLENDING UNITY_ENABLE_DETAIL_NORMALMAP SHADER_API_DESKTOP ok=1
Cmd: compileSnippet
  api=4 type=1 insize=19454 outsize=9530 kw=DIRLIGHTMAP_COMBINED S_RECEIVE_SHADOWS S_OCCLUSION S_SPECULAR_METALLIC _METALLICGLOSSMAP _NORMALMAP LIGHTMAP_OFF DYNAMICLIGHTMAP_OFF pd=UNITY_ENABLE_REFLECTION_BUFFERS UNITY_USE_DITHER_MASK_FOR_ALPHABLENDED_SHADOWS UNITY_PBS_USE_BRDF1 UNITY_SPECCUBE_BOX_PROJECTION UNITY_SPECCUBE_BLENDING UNITY_ENABLE_DETAIL_NORMALMAP SHADER_API_DESKTOP ok=1
Cmd: compileSnippet
  api=4 type=1 insize=19454 outsize=9590 kw=DIRLIGHTMAP_COMBINED S_RECEIVE_SHADOWS S_SPECULAR_BLINNPHONG LIGHTMAP_OFF DYNAMICLIGHTMAP_OFF D_VALVE_SHADOWING_POINT_LIGHTS _FLUORESCENCEMAP pd=UNITY_ENABLE_REFLECTION_BUFFERS UNITY_USE_DITHER_MASK_FOR_ALPHABLENDED_SHADOWS UNITY_PBS_USE_BRDF1 UNITY_SPECCUBE_BOX_PROJECTION UNITY_SPECCUBE_BLENDING UNITY_ENABLE_DETAIL_NORMALMAP SHADER_API_DESKTOP ok=1
Cmd: compileSnippet
  api=4 type=1 insize=19454 outsize=7490 kw=DIRLIGHTMAP_COMBINED S_RECEIVE_SHADOWS LIGHTMAP_OFF DYNAMICLIGHTMAP_OFF D_VALVE_FOG D_VALVE_SHADOWING_POINT_LIGHTS S_SPECULAR_NONE pd=UNITY_ENABLE_REFLECTION_BUFFERS UNITY_USE_DITHER_MASK_FOR_ALPHABLENDED_SHADOWS UNITY_PBS_USE_BRDF1 UNITY_SPECCUBE_BOX_PROJECTION UNITY_SPECCUBE_BLENDING UNITY_ENABLE_DETAIL_NORMALMAP SHADER_API_DESKTOP ok=1
Cmd: compileSnippet
  api=4 type=1 insize=19454 outsize=10406 kw=DIRLIGHTMAP_COMBINED S_RECEIVE_SHADOWS MATRIX_PALETTE_SKINNING_1BONE S_OCCLUSION S_SPECULAR_METALLIC _METALLICGLOSSMAP _NORMALMAP LIGHTMAP_OFF DYNAMICLIGHTMAP_OFF D_VALVE_SHADOWING_POINT_LIGHTS pd=UNITY_ENABLE_REFLECTION_BUFFERS UNITY_USE_DITHER_MASK_FOR_ALPHABLENDED_SHADOWS UNITY_PBS_USE_BRDF1 UNITY_SPECCUBE_BOX_PROJECTION UNITY_SPECCUBE_BLENDING UNITY_ENABLE_DETAIL_NORMALMAP SHADER_API_DESKTOP ok=1
Cmd: compileSnippet
  api=4 type=1 insize=19454 outsize=1046 kw=DIRLIGHTMAP_COMBINED _EMISSION MATRIX_PALETTE_SKINNING_1BONE LIGHTMAP_OFF DYNAMICLIGHTMAP_OFF D_VALVE_FOG S_SPECULAR_NONE S_UNLIT pd=UNITY_ENABLE_REFLECTION_BUFFERS UNITY_USE_DITHER_MASK_FOR_ALPHABLENDED_SHADOWS UNITY_PBS_USE_BRDF1 UNITY_SPECCUBE_BOX_PROJECTION UNITY_SPECCUBE_BLENDING UNITY_ENABLE_DETAIL_NORMALMAP SHADER_API_DESKTOP ok=1
Cmd: compileSnippet
  api=4 type=1 insize=19454 outsize=9902 kw=DIRLIGHTMAP_COMBINED S_RECEIVE_SHADOWS S_SPECULAR_BLINNPHONG MATRIX_PALETTE_SKINNING_1BONE LIGHTMAP_OFF DYNAMICLIGHTMAP_OFF D_VALVE_FOG D_VALVE_SHADOWING_POINT_LIGHTS _FLUORESCENCEMAP pd=UNITY_ENABLE_REFLECTION_BUFFERS UNITY_USE_DITHER_MASK_FOR_ALPHABLENDED_SHADOWS UNITY_PBS_USE_BRDF1 UNITY_SPECCUBE_BOX_PROJECTION UNITY_SPECCUBE_BLENDING UNITY_ENABLE_DETAIL_NORMALMAP SHADER_API_DESKTOP ok=1
Cmd: compileSnippet
  api=4 type=1 insize=19454 outsize=8378 kw=DIRLIGHTMAP_SEPARATE S_RECEIVE_SHADOWS S_SPECULAR_BLINNPHONG LIGHTMAP_OFF DYNAMICLIGHTMAP_OFF D_CASTSHADOW pd=UNITY_ENABLE_REFLECTION_BUFFERS UNITY_USE_DITHER_MASK_FOR_ALPHABLENDED_SHADOWS UNITY_PBS_USE_BRDF1 UNITY_SPECCUBE_BOX_PROJECTION UNITY_SPECCUBE_BLENDING UNITY_ENABLE_DETAIL_NORMALMAP SHADER_API_DESKTOP ok=1
Cmd: compileSnippet
  api=4 type=1 insize=19454 outsize=4998 kw=DIRLIGHTMAP_SEPARATE LIGHTMAP_OFF DYNAMICLIGHTMAP_OFF D_VALVE_FOG S_SPECULAR_NONE pd=UNITY_ENABLE_REFLECTION_BUFFERS UNITY_USE_DITHER_MASK_FOR_ALPHABLENDED_SHADOWS UNITY_PBS_USE_BRDF1 UNITY_SPECCUBE_BOX_PROJECTION UNITY_SPECCUBE_BLENDING UNITY_ENABLE_DETAIL_NORMALMAP SHADER_API_DESKTOP ok=1
Cmd: compileSnippet
  api=4 type=1 insize=19454 outsize=10718 kw=DIRLIGHTMAP_SEPARATE S_RECEIVE_SHADOWS S_OCCLUSION S_SPECULAR_METALLIC _METALLICGLOSSMAP _NORMALMAP LIGHTMAP_OFF DYNAMICLIGHTMAP_OFF D_VALVE_FOG D_VALVE_SHADOWING_POINT_LIGHTS pd=UNITY_ENABLE_REFLECTION_BUFFERS UNITY_USE_DITHER_MASK_FOR_ALPHABLENDED_SHADOWS UNITY_PBS_USE_BRDF1 UNITY_SPECCUBE_BOX_PROJECTION UNITY_SPECCUBE_BLENDING UNITY_ENABLE_DETAIL_NORMALMAP SHADER_API_DESKTOP ok=1
Cmd: compileSnippet
  api=4 type=1 insize=19454 outsize=9590 kw=DIRLIGHTMAP_SEPARATE S_RECEIVE_SHADOWS S_SPECULAR_BLINNPHONG MATRIX_PALETTE_SKINNING_1BONE LIGHTMAP_OFF DYNAMICLIGHTMAP_OFF D_VALVE_SHADOWING_POINT_LIGHTS _FLUORESCENCEMAP pd=UNITY_ENABLE_REFLECTION_BUFFERS UNITY_USE_DITHER_MASK_FOR_ALPHABLENDED_SHADOWS UNITY_PBS_USE_BRDF1 UNITY_SPECCUBE_BOX_PROJECTION UNITY_SPECCUBE_BLENDING UNITY_ENABLE_DETAIL_NORMALMAP SHADER_API_DESKTOP ok=1
Cmd: compileSnippet
  api=4 type=1 insize=19454 outsize=9842 kw=DIRLIGHTMAP_SEPARATE S_RECEIVE_SHADOWS MATRIX_PALETTE_SKINNING_1BONE S_OCCLUSION S_SPECULAR_METALLIC _METALLICGLOSSMAP _NORMALMAP LIGHTMAP_OFF DYNAMICLIGHTMAP_OFF D_VALVE_FOG D_CASTSHADOW pd=UNITY_ENABLE_REFLECTION_BUFFERS UNITY_USE_DITHER_MASK_FOR_ALPHABLENDED_SHADOWS UNITY_PBS_USE_BRDF1 UNITY_SPECCUBE_BOX_PROJECTION UNITY_SPECCUBE_BLENDING UNITY_ENABLE_DETAIL_NORMALMAP SHADER_API_DESKTOP ok=1
Cmd: compileSnippet
  api=4 type=1 insize=19454 outsize=4542 kw=DYNAMICLIGHTMAP_ON DIRLIGHTMAP_SEPARATE LIGHTMAP_OFF S_SPECULAR_NONE pd=UNITY_ENABLE_REFLECTION_BUFFERS UNITY_USE_DITHER_MASK_FOR_ALPHABLENDED_SHADOWS UNITY_PBS_USE_BRDF1 UNITY_SPECCUBE_BOX_PROJECTION UNITY_SPECCUBE_BLENDING UNITY_ENABLE_DETAIL_NORMALMAP SHADER_API_DESKTOP ok=1
Cmd: compileSnippet
  api=4 type=1 insize=19454 outsize=9462 kw=DYNAMICLIGHTMAP_ON DIRLIGHTMAP_SEPARATE S_RECEIVE_SHADOWS S_SPECULAR_BLINNPHONG LIGHTMAP_OFF D_VALVE_SHADOWING_POINT_LIGHTS _FLUORESCENCEMAP pd=UNITY_ENABLE_REFLECTION_BUFFERS UNITY_USE_DITHER_MASK_FOR_ALPHABLENDED_SHADOWS UNITY_PBS_USE_BRDF1 UNITY_SPECCUBE_BOX_PROJECTION UNITY_SPECCUBE_BLENDING UNITY_ENABLE_DETAIL_NORMALMAP SHADER_API_DESKTOP ok=1
Cmd: compileSnippet
  api=4 type=1 insize=19454 outsize=9698 kw=DYNAMICLIGHTMAP_ON DIRLIGHTMAP_SEPARATE S_RECEIVE_SHADOWS S_OCCLUSION S_SPECULAR_METALLIC _METALLICGLOSSMAP _NORMALMAP LIGHTMAP_OFF D_VALVE_FOG D_CASTSHADOW pd=UNITY_ENABLE_REFLECTION_BUFFERS UNITY_USE_DITHER_MASK_FOR_ALPHABLENDED_SHADOWS UNITY_PBS_USE_BRDF1 UNITY_SPECCUBE_BOX_PROJECTION UNITY_SPECCUBE_BLENDING UNITY_ENABLE_DETAIL_NORMALMAP SHADER_API_DESKTOP ok=1
Cmd: compileSnippet
  api=4 type=1 insize=19454 outsize=9686 kw=DYNAMICLIGHTMAP_ON DIRLIGHTMAP_SEPARATE S_RECEIVE_SHADOWS MATRIX_PALETTE_SKINNING_1BONE S_OCCLUSION S_SPECULAR_METALLIC _METALLICGLOSSMAP _NORMALMAP LIGHTMAP_OFF _FLUORESCENCEMAP pd=UNITY_ENABLE_REFLECTION_BUFFERS UNITY_USE_DITHER_MASK_FOR_ALPHABLENDED_SHADOWS UNITY_PBS_USE_BRDF1 UNITY_SPECCUBE_BOX_PROJECTION UNITY_SPECCUBE_BLENDING UNITY_ENABLE_DETAIL_NORMALMAP SHADER_API_DESKTOP ok=1
Cmd: compileSnippet
  api=4 type=1 insize=19454 outsize=9698 kw=DYNAMICLIGHTMAP_ON DIRLIGHTMAP_SEPARATE S_RECEIVE_SHADOWS MATRIX_PALETTE_SKINNING_1BONE S_OCCLUSION S_SPECULAR_METALLIC _METALLICGLOSSMAP _NORMALMAP LIGHTMAP_OFF D_VALVE_FOG pd=UNITY_ENABLE_REFLECTION_BUFFERS UNITY_USE_DITHER_MASK_FOR_ALPHABLENDED_SHADOWS UNITY_PBS_USE_BRDF1 UNITY_SPECCUBE_BOX_PROJECTION UNITY_SPECCUBE_BLENDING UNITY_ENABLE_DETAIL_NORMALMAP SHADER_API_DESKTOP ok=1
Cmd: compileSnippet
  api=4 type=1 insize=19454 outsize=10906 kw=DYNAMICLIGHTMAP_ON DIRLIGHTMAP_SEPARATE S_RECEIVE_SHADOWS MATRIX_PALETTE_SKINNING_1BONE S_OCCLUSION S_SPECULAR_METALLIC _METALLICGLOSSMAP _NORMALMAP LIGHTMAP_OFF D_VALVE_FOG D_VALVE_SHADOWING_POINT_LIGHTS _FLUORESCENCEMAP pd=UNITY_ENABLE_REFLECTION_BUFFERS UNITY_USE_DITHER_MASK_FOR_ALPHABLENDED_SHADOWS UNITY_PBS_USE_BRDF1 UNITY_SPECCUBE_BOX_PROJECTION UNITY_SPECCUBE_BLENDING UNITY_ENABLE_DETAIL_NORMALMAP SHADER_API_DESKTOP ok=1
