Base path: C:/Program Files/Unity 2017.1.0b4/Editor/Data
Cmd: initializeCompiler
Cmd: compileSnippet
  api=4 type=1 insize=629 outsize=422 kw= pd=UNITY_ENABLE_REFLECTION_BUFFERS UNITY_USE_DITHER_MASK_FOR_ALPHABLENDED_SHADOWS UNITY_PBS_USE_BRDF1 UNITY_SPECCUBE_BOX_PROJECTION UNITY_SPECCUBE_BLENDING UNITY_ENABLE_DETAIL_NORMALMAP SHADER_API_DESKTOP ok=1
Cmd: compileSnippet
  api=4 type=0 insize=1468 outsize=2610 kw=DIRECTIONAL VERTEXLIGHT_ON pd=UNITY_ENABLE_REFLECTION_BUFFERS UNITY_USE_DITHER_MASK_FOR_ALPHABLENDED_SHADOWS UNITY_PBS_USE_BRDF1 UNITY_SPECCUBE_BOX_PROJECTION UNITY_SPECCUBE_BLENDING UNITY_ENABLE_DETAIL_NORMALMAP SHADER_API_DESKTOP ok=1
Cmd: compileSnippet
  api=1 type=1 insize=1468 outsize=4152 kw=DIRECTIONAL SHADOWS_SCREEN _EMISSION pd=UNITY_ENABLE_REFLECTION_BUFFERS UNITY_USE_DITHER_MASK_FOR_ALPHABLENDED_SHADOWS UNITY_PBS_USE_BRDF1 UNITY_SPECCUBE_BOX_PROJECTION UNITY_SPECCUBE_BLENDING UNITY_ENABLE_DETAIL_NORMALMAP SHADER_API_DESKTOP ok=1
Cmd: compileSnippet
  api=1 type=0 insize=1330 outsize=1160 kw=POINT_COOKIE pd=UNITY_ENABLE_REFLECTION_BUFFERS UNITY_USE_DITHER_MASK_FOR_ALPHABLENDED_SHADOWS UNITY_PBS_USE_BRDF1 UNITY_SPECCUBE_BOX_PROJECTION UNITY_SPECCUBE_BLENDING UNITY_ENABLE_DETAIL_NORMALMAP SHADER_API_DESKTOP ok=1
Cmd: compileSnippet
  api=1 type=0 insize=1330 outsize=1160 kw=POINT SHADOWS_CUBE pd=UNITY_ENABLE_REFLECTION_BUFFERS UNITY_USE_DITHER_MASK_FOR_ALPHABLENDED_SHADOWS UNITY_PBS_USE_BRDF1 UNITY_SPECCUBE_BOX_PROJECTION UNITY_SPECCUBE_BLENDING UNITY_ENABLE_DETAIL_NORMALMAP SHADER_API_DESKTOP ok=1
Cmd: compileSnippet
  api=4 type=1 insize=1330 outsize=3770 kw=POINT_COOKIE pd=UNITY_ENABLE_REFLECTION_BUFFERS UNITY_USE_DITHER_MASK_FOR_ALPHABLENDED_SHADOWS UNITY_PBS_USE_BRDF1 UNITY_SPECCUBE_BOX_PROJECTION UNITY_SPECCUBE_BLENDING UNITY_ENABLE_DETAIL_NORMALMAP SHADER_API_DESKTOP ok=1
Cmd: compileSnippet
  api=1 type=0 insize=1424 outsize=1316 kw=_EMISSION UNITY_HDR_ON pd=UNITY_ENABLE_REFLECTION_BUFFERS UNITY_USE_DITHER_MASK_FOR_ALPHABLENDED_SHADOWS UNITY_PBS_USE_BRDF1 UNITY_SPECCUBE_BOX_PROJECTION UNITY_SPECCUBE_BLENDING UNITY_ENABLE_DETAIL_NORMALMAP SHADER_API_DESKTOP ok=1
Cmd: compileSnippet
  api=1 type=1 insize=1424 outsize=916 kw=UNITY_HDR_ON pd=UNITY_ENABLE_REFLECTION_BUFFERS UNITY_USE_DITHER_MASK_FOR_ALPHABLENDED_SHADOWS UNITY_PBS_USE_BRDF1 UNITY_SPECCUBE_BOX_PROJECTION UNITY_SPECCUBE_BLENDING UNITY_ENABLE_DETAIL_NORMALMAP SHADER_API_DESKTOP ok=1
Cmd: compileSnippet
  api=4 type=0 insize=1272 outsize=1982 kw=DIRECTIONAL SHADOWS_SCREEN pd=UNITY_ENABLE_REFLECTION_BUFFERS UNITY_USE_DITHER_MASK_FOR_ALPHABLENDED_SHADOWS UNITY_PBS_USE_BRDF1 UNITY_SPECCUBE_BOX_PROJECTION UNITY_SPECCUBE_BLENDING UNITY_ENABLE_DETAIL_NORMALMAP SHADER_API_DESKTOP ok=1
Cmd: compileSnippet
  api=1 type=0 insize=1272 outsize=1292 kw=DIRECTIONAL SHADOWS_SCREEN DYNAMICLIGHTMAP_ON VERTEXLIGHT_ON pd=UNITY_ENABLE_REFLECTION_BUFFERS UNITY_USE_DITHER_MASK_FOR_ALPHABLENDED_SHADOWS UNITY_PBS_USE_BRDF1 UNITY_SPECCUBE_BOX_PROJECTION UNITY_SPECCUBE_BLENDING UNITY_ENABLE_DETAIL_NORMALMAP SHADER_API_DESKTOP ok=1
Cmd: compileSnippet
  api=1 type=1 insize=1272 outsize=4088 kw=DIRECTIONAL SHADOWS_SCREEN DYNAMICLIGHTMAP_ON pd=UNITY_ENABLE_REFLECTION_BUFFERS UNITY_USE_DITHER_MASK_FOR_ALPHABLENDED_SHADOWS UNITY_PBS_USE_BRDF1 UNITY_SPECCUBE_BOX_PROJECTION UNITY_SPECCUBE_BLENDING UNITY_ENABLE_DETAIL_NORMALMAP SHADER_API_DESKTOP ok=1
Cmd: compileSnippet
  api=4 type=0 insize=1138 outsize=1822 kw=POINT_COOKIE pd=UNITY_ENABLE_REFLECTION_BUFFERS UNITY_USE_DITHER_MASK_FOR_ALPHABLENDED_SHADOWS UNITY_PBS_USE_BRDF1 UNITY_SPECCUBE_BOX_PROJECTION UNITY_SPECCUBE_BLENDING UNITY_ENABLE_DETAIL_NORMALMAP SHADER_API_DESKTOP ok=1
Cmd: compileSnippet
  api=1 type=1 insize=1138 outsize=1112 kw=DIRECTIONAL_COOKIE pd=UNITY_ENABLE_REFLECTION_BUFFERS UNITY_USE_DITHER_MASK_FOR_ALPHABLENDED_SHADOWS UNITY_PBS_USE_BRDF1 UNITY_SPECCUBE_BOX_PROJECTION UNITY_SPECCUBE_BLENDING UNITY_ENABLE_DETAIL_NORMALMAP SHADER_API_DESKTOP ok=1
Cmd: compileSnippet
  api=1 type=1 insize=1138 outsize=1544 kw=POINT_COOKIE SHADOWS_CUBE pd=UNITY_ENABLE_REFLECTION_BUFFERS UNITY_USE_DITHER_MASK_FOR_ALPHABLENDED_SHADOWS UNITY_PBS_USE_BRDF1 UNITY_SPECCUBE_BOX_PROJECTION UNITY_SPECCUBE_BLENDING UNITY_ENABLE_DETAIL_NORMALMAP SHADER_API_DESKTOP ok=1
Cmd: compileSnippet
  api=4 type=0 insize=807 outsize=1218 kw=_EMISSION pd=UNITY_ENABLE_REFLECTION_BUFFERS UNITY_USE_DITHER_MASK_FOR_ALPHABLENDED_SHADOWS UNITY_PBS_USE_BRDF1 UNITY_SPECCUBE_BOX_PROJECTION UNITY_SPECCUBE_BLENDING UNITY_ENABLE_DETAIL_NORMALMAP SHADER_API_DESKTOP ok=1
Cmd: compileSnippet
  api=4 type=0 insize=19454 outsize=1166 kw=S_RECEIVE_SHADOWS LIGHTMAP_OFF DIRLIGHTMAP_OFF DYNAMICLIGHTMAP_OFF D_VALVE_SHADOWING_POINT_LIGHTS S_SPECULAR_NONE pd=UNITY_ENABLE_REFLECTION_BUFFERS UNITY_USE_DITHER_MASK_FOR_ALPHABLENDED_SHADOWS UNITY_PBS_USE_BRDF1 UNITY_SPECCUBE_BOX_PROJECTION UNITY_SPECCUBE_BLENDING UNITY_ENABLE_DETAIL_NORMALMAP SHADER_API_DESKTOP ok=1
Cmd: compileSnippet
  api=4 type=0 insize=19454 outsize=1770 kw=S_RECEIVE_SHADOWS S_SPECULAR_BLINNPHONG LIGHTMAP_OFF DIRLIGHTMAP_OFF DYNAMICLIGHTMAP_OFF D_VALVE_FOG D_CASTSHADOW pd=UNITY_ENABLE_REFLECTION_BUFFERS UNITY_USE_DITHER_MASK_FOR_ALPHABLENDED_SHADOWS UNITY_PBS_USE_BRDF1 UNITY_SPECCUBE_BOX_PROJECTION UNITY_SPECCUBE_BLENDING UNITY_ENABLE_DETAIL_NORMALMAP SHADER_API_DESKTOP ok=1
Cmd: compileSnippet
  api=4 type=0 insize=19454 outsize=1322 kw=_EMISSION MATRIX_PALETTE_SKINNING_1BONE LIGHTMAP_OFF DIRLIGHTMAP_OFF DYNAMICLIGHTMAP_OFF S_SPECULAR_NONE S_UNLIT pd=UNITY_ENABLE_REFLECTION_BUFFERS UNITY_USE_DITHER_MASK_FOR_ALPHABLENDED_SHADOWS UNITY_PBS_USE_BRDF1 UNITY_SPECCUBE_BOX_PROJECTION UNITY_SPECCUBE_BLENDING UNITY_ENABLE_DETAIL_NORMALMAP SHADER_API_DESKTOP ok=1
Cmd: compileSnippet
  api=4 type=0 insize=19454 outsize=3322 kw=S_RECEIVE_SHADOWS MATRIX_PALETTE_SKINNING_1BONE S_OCCLUSION S_SPECULAR_METALLIC _METALLICGLOSSMAP _NORMALMAP LIGHTMAP_OFF DIRLIGHTMAP_OFF DYNAMICLIGHTMAP_OFF D_VALVE_FOG pd=UNITY_ENABLE_REFLECTION_BUFFERS UNITY_USE_DITHER_MASK_FOR_ALPHABLENDED_SHADOWS UNITY_PBS_USE_BRDF1 UNITY_SPECCUBE_BOX_PROJECTION UNITY_SPECCUBE_BLENDING UNITY_ENABLE_DETAIL_NORMALMAP SHADER_API_DESKTOP ok=1
Cmd: compileSnippet
  api=4 type=0 insize=19454 outsize=2798 kw=S_RECEIVE_SHADOWS S_SPECULAR_BLINNPHONG MATRIX_PALETTE_SKINNING_1BONE LIGHTMAP_OFF DIRLIGHTMAP_OFF DYNAMICLIGHTMAP_OFF D_VALVE_FOG D_VALVE_SHADOWING_POINT_LIGHTS D_CASTSHADOW pd=UNITY_ENABLE_REFLECTION_BUFFERS UNITY_USE_DITHER_MASK_FOR_ALPHABLENDED_SHADOWS UNITY_PBS_USE_BRDF1 UNITY_SPECCUBE_BOX_PROJECTION UNITY_SPECCUBE_BLENDING UNITY_ENABLE_DETAIL_NORMALMAP SHADER_API_DESKTOP ok=1
Cmd: compileSnippet
  api=4 type=0 insize=19454 outsize=2374 kw=DYNAMICLIGHTMAP_ON S_RECEIVE_SHADOWS S_OCCLUSION S_SPECULAR_METALLIC _METALLICGLOSSMAP _NORMALMAP LIGHTMAP_OFF DIRLIGHTMAP_OFF D_VALVE_FOG _FLUORESCENCEMAP pd=UNITY_ENABLE_REFLECTION_BUFFERS UNITY_USE_DITHER_MASK_FOR_ALPHABLENDED_SHADOWS UNITY_PBS_USE_BRDF1 UNITY_SPECCUBE_BOX_PROJECTION UNITY_SPECCUBE_BLENDING UNITY_ENABLE_DETAIL_NORMALMAP SHADER_API_DESKTOP ok=1
Cmd: compileSnippet
  api=4 type=0 insize=19454 outsize=2882 kw=DYNAMICLIGHTMAP_ON S_RECEIVE_SHADOWS MATRIX_PALETTE_SKINNING_1BONE S_OCCLUSION S_SPECULAR_METALLIC _METALLICGLOSSMAP _NORMALMAP LIGHTMAP_OFF DIRLIGHTMAP_OFF pd=UNITY_ENABLE_REFLECTION_BUFFERS UNITY_USE_DITHER_MASK_FOR_ALPHABLENDED_SHADOWS UNITY_PBS_USE_BRDF1 UNITY_SPECCUBE_BOX_PROJECTION UNITY_SPECCUBE_BLENDING UNITY_ENABLE_DETAIL_NORMALMAP SHADER_API_DESKTOP ok=1
Cmd: compileSnippet
  api=4 type=0 insize=19454 outsize=2358 kw=DYNAMICLIGHTMAP_ON S_RECEIVE_SHADOWS S_SPECULAR_BLINNPHONG MATRIX_PALETTE_SKINNING_1BONE LIGHTMAP_OFF DIRLIGHTMAP_OFF D_VALVE_SHADOWING_POINT_LIGHTS D_CASTSHADOW pd=UNITY_ENABLE_REFLECTION_BUFFERS UNITY_USE_DITHER_MASK_FOR_ALPHABLENDED_SHADOWS UNITY_PBS_USE_BRDF1 UNITY_SPECCUBE_BOX_PROJECTION UNITY_SPECCUBE_BLENDING UNITY_ENABLE_DETAIL_NORMALMAP SHADER_API_DESKTOP ok=1
Cmd: compileSnippet
  api=4 type=0 insize=19454 outsize=3486 kw=DYNAMICLIGHTMAP_ON S_RECEIVE_SHADOWS MATRIX_PALETTE_SKINNING_1BONE S_OCCLUSION S_SPECULAR_METALLIC _METALLICGLOSSMAP _NORMALMAP LIGHTMAP_OFF DIRLIGHTMAP_OFF D_VALVE_FOG D_VALVE_SHADOWING_POINT_LIGHTS _FLUORESCENCEMAP pd=UNITY_ENABLE_REFLECTION_BUFFERS UNITY_USE_DITHER_MASK_FOR_ALPHABLENDED_SHADOWS UNITY_PBS_USE_BRDF1 UNITY_SPECCUBE_BOX_PROJECTION UNITY_SPECCUBE_BLENDING UNITY_ENABLE_DETAIL_NORMALMAP SHADER_API_DESKTOP ok=1
Cmd: compileSnippet
  api=4 type=0 insize=19454 outsize=1166 kw=DIRLIGHTMAP_COMBINED S_RECEIVE_SHADOWS S_SPECULAR_BLINNPHONG LIGHTMAP_OFF DYNAMICLIGHTMAP_OFF D_VALVE_SHADOWING_POINT_LIGHTS _FLUORESCENCEMAP pd=UNITY_ENABLE_REFLECTION_BUFFERS UNITY_USE_DITHER_MASK_FOR_ALPHABLENDED_SHADOWS UNITY_PBS_USE_BRDF1 UNITY_SPECCUBE_BOX_PROJECTION UNITY_SPECCUBE_BLENDING UNITY_ENABLE_DETAIL_NORMALMAP SHADER_API_DESKTOP ok=1
Cmd: compileSnippet
  api=4 type=0 insize=19454 outsize=1770 kw=DIRLIGHTMAP_COMBINED LIGHTMAP_OFF DYNAMICLIGHTMAP_OFF D_VALVE_FOG S_SPECULAR_NONE pd=UNITY_ENABLE_REFLECTION_BUFFERS UNITY_USE_DITHER_MASK_FOR_ALPHABLENDED_SHADOWS UNITY_PBS_USE_BRDF1 UNITY_SPECCUBE_BOX_PROJECTION UNITY_SPECCUBE_BLENDING UNITY_ENABLE_DETAIL_NORMALMAP SHADER_API_DESKTOP ok=1
Cmd: compileSnippet
  api=4 type=0 insize=19454 outsize=1770 kw=DIRLIGHTMAP_COMBINED S_RECEIVE_SHADOWS S_SPECULAR_BLINNPHONG LIGHTMAP_OFF DYNAMICLIGHTMAP_OFF D_VALVE_FOG D_VALVE_SHADOWING_POINT_LIGHTS D_CASTSHADOW pd=UNITY_ENABLE_REFLECTION_BUFFERS UNITY_USE_DITHER_MASK_FOR_ALPHABLENDED_SHADOWS UNITY_PBS_USE_BRDF1 UNITY_SPECCUBE_BOX_PROJECTION UNITY_SPECCUBE_BLENDING UNITY_ENABLE_DETAIL_NORMALMAP SHADER_API_DESKTOP ok=1
Cmd: compileSnippet
  api=4 type=0 insize=19454 outsize=2194 kw=DIRLIGHTMAP_COMBINED MATRIX_PALETTE_SKINNING_1BONE LIGHTMAP_OFF DYNAMICLIGHTMAP_OFF D_VALVE_SHADOWING_POINT_LIGHTS S_SPECULAR_NONE pd=UNITY_ENABLE_REFLECTION_BUFFERS UNITY_USE_DITHER_MASK_FOR_ALPHABLENDED_SHADOWS UNITY_PBS_USE_BRDF1 UNITY_SPECCUBE_BOX_PROJECTION UNITY_SPECCUBE_BLENDING UNITY_ENABLE_DETAIL_NORMALMAP SHADER_API_DESKTOP ok=1
Cmd: compileSnippet
  api=4 type=0 insize=19454 outsize=2798 kw=DIRLIGHTMAP_COMBINED S_RECEIVE_SHADOWS S_SPECULAR_BLINNPHONG MATRIX_PALETTE_SKINNING_1BONE LIGHTMAP_OFF DYNAMICLIGHTMAP_OFF D_VALVE_FOG D_CASTSHADOW pd=UNITY_ENABLE_REFLECTION_BUFFERS UNITY_USE_DITHER_MASK_FOR_ALPHABLENDED_SHADOWS UNITY_PBS_USE_BRDF1 UNITY_SPECCUBE_BOX_PROJECTION UNITY_SPECCUBE_BLENDING UNITY_ENABLE_DETAIL_NORMALMAP SHADER_API_DESKTOP ok=1
Cmd: compileSnippet
  api=4 type=0 insize=19454 outsize=1166 kw=DIRLIGHTMAP_SEPARATE S_RECEIVE_SHADOWS S_SPECULAR_BLINNPHONG LIGHTMAP_OFF DYNAMICLIGHTMAP_OFF _FLUORESCENCEMAP pd=UNITY_ENABLE_REFLECTION_BUFFERS UNITY_USE_DITHER_MASK_FOR_ALPHABLENDED_SHADOWS UNITY_PBS_USE_BRDF1 UNITY_SPECCUBE_BOX_PROJECTION UNITY_SPECCUBE_BLENDING UNITY_ENABLE_DETAIL_NORMALMAP SHADER_API_DESKTOP ok=1
Cmd: compileSnippet
  api=4 type=0 insize=19454 outsize=1166 kw=DIRLIGHTMAP_SEPARATE S_RECEIVE_SHADOWS LIGHTMAP_OFF DYNAMICLIGHTMAP_OFF D_VALVE_SHADOWING_POINT_LIGHTS S_RETROREFLECTIVE pd=UNITY_ENABLE_REFLECTION_BUFFERS UNITY_USE_DITHER_MASK_FOR_ALPHABLENDED_SHADOWS UNITY_PBS_USE_BRDF1 UNITY_SPECCUBE_BOX_PROJECTION UNITY_SPECCUBE_BLENDING UNITY_ENABLE_DETAIL_NORMALMAP SHADER_API_DESKTOP ok=1
Cmd: compileSnippet
  api=4 type=0 insize=19454 outsize=2210 kw=DIRLIGHTMAP_SEPARATE S_RECEIVE_SHADOWS S_OCCLUSION S_SPECULAR_METALLIC _METALLICGLOSSMAP _NORMALMAP LIGHTMAP_OFF DYNAMICLIGHTMAP_OFF D_VALVE_FOG D_VALVE_SHADOWING_POINT_LIGHTS _FLUORESCENCEMAP pd=UNITY_ENABLE_REFLECTION_BUFFERS UNITY_USE_DITHER_MASK_FOR_ALPHABLENDED_SHADOWS UNITY_PBS_USE_BRDF1 UNITY_SPECCUBE_BOX_PROJECTION UNITY_SPECCUBE_BLENDING UNITY_ENABLE_DETAIL_NORMALMAP SHADER_API_DESKTOP ok=1
Cmd: compileSnippet
  api=4 type=0 insize=19454 outsize=2194 kw=DIRLIGHTMAP_SEPARATE S_RECEIVE_SHADOWS MATRIX_PALETTE_SKINNING_1BONE S_SPECULAR_METALLIC LIGHTMAP_OFF DYNAMICLIGHTMAP_OFF D_VALVE_SHADOWING_POINT_LIGHTS pd=UNITY_ENABLE_REFLECTION_BUFFERS UNITY_USE_DITHER_MASK_FOR_ALPHABLENDED_SHADOWS UNITY_PBS_USE_BRDF1 UNITY_SPECCUBE_BOX_PROJECTION UNITY_SPECCUBE_BLENDING UNITY_ENABLE_DETAIL_NORMALMAP SHADER_API_DESKTOP ok=1
Cmd: compileSnippet
  api=4 type=0 insize=19454 outsize=2798 kw=DIRLIGHTMAP_SEPARATE S_RECEIVE_SHADOWS MATRIX_PALETTE_SKINNING_1BONE LIGHTMAP_OFF DYNAMICLIGHTMAP_OFF D_VALVE_FOG S_SPECULAR_NONE pd=UNITY_ENABLE_REFLECTION_BUFFERS UNITY_USE_DITHER_MASK_FOR_ALPHABLENDED_SHADOWS UNITY_PBS_USE_BRDF1 UNITY_SPECCUBE_BOX_PROJECTION UNITY_SPECCUBE_BLENDING UNITY_ENABLE_DETAIL_NORMALMAP SHADER_API_DESKTOP ok=1
Cmd: compileSnippet
  api=4 type=0 insize=19454 outsize=1770 kw=DYNAMICLIGHTMAP_ON DIRLIGHTMAP_SEPARATE S_RECEIVE_SHADOWS S_OCCLUSION S_SPECULAR_METALLIC _METALLICGLOSSMAP _NORMALMAP LIGHTMAP_OFF pd=UNITY_ENABLE_REFLECTION_BUFFERS UNITY_USE_DITHER_MASK_FOR_ALPHABLENDED_SHADOWS UNITY_PBS_USE_BRDF1 UNITY_SPECCUBE_BOX_PROJECTION UNITY_SPECCUBE_BLENDING UNITY_ENABLE_DETAIL_NORMALMAP SHADER_API_DESKTOP ok=1
Cmd: compileSnippet
  api=4 type=0 insize=19454 outsize=1330 kw=DYNAMICLIGHTMAP_ON DIRLIGHTMAP_SEPARATE LIGHTMAP_OFF D_VALVE_SHADOWING_POINT_LIGHTS S_SPECULAR_NONE pd=UNITY_ENABLE_REFLECTION_BUFFERS UNITY_USE_DITHER_MASK_FOR_ALPHABLENDED_SHADOWS UNITY_PBS_USE_BRDF1 UNITY_SPECCUBE_BOX_PROJECTION UNITY_SPECCUBE_BLENDING UNITY_ENABLE_DETAIL_NORMALMAP SHADER_API_DESKTOP ok=1
Cmd: compileSnippet
  api=4 type=0 insize=19454 outsize=1494 kw=DYNAMICLIGHTMAP_ON _EMISSION DIRLIGHTMAP_SEPARATE LIGHTMAP_OFF D_VALVE_FOG S_SPECULAR_NONE S_UNLIT pd=UNITY_ENABLE_REFLECTION_BUFFERS UNITY_USE_DITHER_MASK_FOR_ALPHABLENDED_SHADOWS UNITY_PBS_USE_BRDF1 UNITY_SPECCUBE_BOX_PROJECTION UNITY_SPECCUBE_BLENDING UNITY_ENABLE_DETAIL_NORMALMAP SHADER_API_DESKTOP ok=1
Cmd: compileSnippet
  api=4 type=0 insize=19454 outsize=2358 kw=DYNAMICLIGHTMAP_ON DIRLIGHTMAP_SEPARATE S_RECEIVE_SHADOWS MATRIX_PALETTE_SKINNING_1BONE S_SPECULAR_METALLIC LIGHTMAP_OFF _FLUORESCENCEMAP pd=UNITY_ENABLE_REFLECTION_BUFFERS UNITY_USE_DITHER_MASK_FOR_ALPHABLENDED_SHADOWS UNITY_PBS_USE_BRDF1 UNITY_SPECCUBE_BOX_PROJECTION UNITY_SPECCUBE_BLENDING UNITY_ENABLE_DETAIL_NORMALMAP SHADER_API_DESKTOP ok=1
Cmd: compileSnippet
  api=4 type=0 insize=19454 outsize=2358 kw=DYNAMICLIGHTMAP_ON DIRLIGHTMAP_SEPARATE MATRIX_PALETTE_SKINNING_1BONE LIGHTMAP_OFF D_VALVE_SHADOWING_POINT_LIGHTS S_SPECULAR_NONE pd=UNITY_ENABLE_REFLECTION_BUFFERS UNITY_USE_DITHER_MASK_FOR_ALPHABLENDED_SHADOWS UNITY_PBS_USE_BRDF1 UNITY_SPECCUBE_BOX_PROJECTION UNITY_SPECCUBE_BLENDING UNITY_ENABLE_DETAIL_NORMALMAP SHADER_API_DESKTOP ok=1
Cmd: compileSnippet
  api=4 type=0 insize=19454 outsize=3486 kw=DYNAMICLIGHTMAP_ON DIRLIGHTMAP_SEPARATE S_RECEIVE_SHADOWS MATRIX_PALETTE_SKINNING_1BONE S_OCCLUSION S_SPECULAR_METALLIC _METALLICGLOSSMAP _NORMALMAP LIGHTMAP_OFF D_VALVE_FOG D_VALVE_SHADOWING_POINT_LIGHTS pd=UNITY_ENABLE_REFLECTION_BUFFERS UNITY_USE_DITHER_MASK_FOR_ALPHABLENDED_SHADOWS UNITY_PBS_USE_BRDF1 UNITY_SPECCUBE_BOX_PROJECTION UNITY_SPECCUBE_BLENDING UNITY_ENABLE_DETAIL_NORMALMAP SHADER_API_DESKTOP ok=1
Cmd: compileSnippet
  api=4 type=1 insize=19454 outsize=8830 kw=S_RECEIVE_SHADOWS S_SPECULAR_METALLIC LIGHTMAP_OFF DIRLIGHTMAP_OFF DYNAMICLIGHTMAP_OFF D_VALVE_FOG pd=UNITY_ENABLE_REFLECTION_BUFFERS UNITY_USE_DITHER_MASK_FOR_ALPHABLENDED_SHADOWS UNITY_PBS_USE_BRDF1 UNITY_SPECCUBE_BOX_PROJECTION UNITY_SPECCUBE_BLENDING UNITY_ENABLE_DETAIL_NORMALMAP SHADER_API_DESKTOP ok=1
Cmd: compileSnippet
  api=4 type=1 insize=19454 outsize=9738 kw=S_RECEIVE_SHADOWS S_SPECULAR_METALLIC LIGHTMAP_OFF DIRLIGHTMAP_OFF DYNAMICLIGHTMAP_OFF D_VALVE_FOG D_VALVE_SHADOWING_POINT_LIGHTS pd=UNITY_ENABLE_REFLECTION_BUFFERS UNITY_USE_DITHER_MASK_FOR_ALPHABLENDED_SHADOWS UNITY_PBS_USE_BRDF1 UNITY_SPECCUBE_BOX_PROJECTION UNITY_SPECCUBE_BLENDING UNITY_ENABLE_DETAIL_NORMALMAP SHADER_API_DESKTOP ok=1
Cmd: compileSnippet
  api=4 type=1 insize=19454 outsize=9590 kw=S_RECEIVE_SHADOWS S_SPECULAR_BLINNPHONG MATRIX_PALETTE_SKINNING_1BONE LIGHTMAP_OFF DIRLIGHTMAP_OFF DYNAMICLIGHTMAP_OFF D_VALVE_SHADOWING_POINT_LIGHTS _FLUORESCENCEMAP pd=UNITY_ENABLE_REFLECTION_BUFFERS UNITY_USE_DITHER_MASK_FOR_ALPHABLENDED_SHADOWS UNITY_PBS_USE_BRDF1 UNITY_SPECCUBE_BOX_PROJECTION UNITY_SPECCUBE_BLENDING UNITY_ENABLE_DETAIL_NORMALMAP SHADER_API_DESKTOP ok=1
Cmd: compileSnippet
  api=4 type=1 insize=19454 outsize=10718 kw=S_RECEIVE_SHADOWS MATRIX_PALETTE_SKINNING_1BONE S_OCCLUSION S_SPECULAR_METALLIC _METALLICGLOSSMAP _NORMALMAP LIGHTMAP_OFF DIRLIGHTMAP_OFF DYNAMICLIGHTMAP_OFF D_VALVE_FOG D_VALVE_SHADOWING_POINT_LIGHTS pd=UNITY_ENABLE_REFLECTION_BUFFERS UNITY_USE_DITHER_MASK_FOR_ALPHABLENDED_SHADOWS UNITY_PBS_USE_BRDF1 UNITY_SPECCUBE_BOX_PROJECTION UNITY_SPECCUBE_BLENDING UNITY_ENABLE_DETAIL_NORMALMAP SHADER_API_DESKTOP ok=1
Cmd: compileSnippet
  api=4 type=1 insize=19454 outsize=9246 kw=DYNAMICLIGHTMAP_ON S_RECEIVE_SHADOWS LIGHTMAP_OFF DIRLIGHTMAP_OFF D_VALVE_SHADOWING_POINT_LIGHTS S_RETROREFLECTIVE pd=UNITY_ENABLE_REFLECTION_BUFFERS UNITY_USE_DITHER_MASK_FOR_ALPHABLENDED_SHADOWS UNITY_PBS_USE_BRDF1 UNITY_SPECCUBE_BOX_PROJECTION UNITY_SPECCUBE_BLENDING UNITY_ENABLE_DETAIL_NORMALMAP SHADER_API_DESKTOP ok=1
Cmd: compileSnippet
  api=4 type=1 insize=19454 outsize=9454 kw=DYNAMICLIGHTMAP_ON S_RECEIVE_SHADOWS S_SPECULAR_BLINNPHONG LIGHTMAP_OFF DIRLIGHTMAP_OFF D_VALVE_FOG D_VALVE_SHADOWING_POINT_LIGHTS D_CASTSHADOW pd=UNITY_ENABLE_REFLECTION_BUFFERS UNITY_USE_DITHER_MASK_FOR_ALPHABLENDED_SHADOWS UNITY_PBS_USE_BRDF1 UNITY_SPECCUBE_BOX_PROJECTION UNITY_SPECCUBE_BLENDING UNITY_ENABLE_DETAIL_NORMALMAP SHADER_API_DESKTOP ok=1
Cmd: compileSnippet
  api=4 type=1 insize=19454 outsize=9698 kw=DYNAMICLIGHTMAP_ON S_RECEIVE_SHADOWS MATRIX_PALETTE_SKINNING_1BONE S_OCCLUSION S_SPECULAR_METALLIC _METALLICGLOSSMAP _NORMALMAP LIGHTMAP_OFF DIRLIGHTMAP_OFF D_VALVE_FOG pd=UNITY_ENABLE_REFLECTION_BUFFERS UNITY_USE_DITHER_MASK_FOR_ALPHABLENDED_SHADOWS UNITY_PBS_USE_BRDF1 UNITY_SPECCUBE_BOX_PROJECTION UNITY_SPECCUBE_BLENDING UNITY_ENABLE_DETAIL_NORMALMAP SHADER_API_DESKTOP ok=1
Cmd: compileSnippet
  api=4 type=1 insize=19454 outsize=9454 kw=DYNAMICLIGHTMAP_ON S_RECEIVE_SHADOWS S_SPECULAR_BLINNPHONG MATRIX_PALETTE_SKINNING_1BONE LIGHTMAP_OFF DIRLIGHTMAP_OFF D_VALVE_FOG D_VALVE_SHADOWING_POINT_LIGHTS D_CASTSHADOW pd=UNITY_ENABLE_REFLECTION_BUFFERS UNITY_USE_DITHER_MASK_FOR_ALPHABLENDED_SHADOWS UNITY_PBS_USE_BRDF1 UNITY_SPECCUBE_BOX_PROJECTION UNITY_SPECCUBE_BLENDING UNITY_ENABLE_DETAIL_NORMALMAP SHADER_API_DESKTOP ok=1
Cmd: compileSnippet
  api=4 type=1 insize=19454 outsize=8794 kw=DIRLIGHTMAP_COMBINED S_RECEIVE_SHADOWS LIGHTMAP_OFF DYNAMICLIGHTMAP_OFF D_VALVE_FOG S_RETROREFLECTIVE pd=UNITY_ENABLE_REFLECTION_BUFFERS UNITY_USE_DITHER_MASK_FOR_ALPHABLENDED_SHADOWS UNITY_PBS_USE_BRDF1 UNITY_SPECCUBE_BOX_PROJECTION UNITY_SPECCUBE_BLENDING UNITY_ENABLE_DETAIL_NORMALMAP SHADER_API_DESKTOP ok=1
Cmd: compileSnippet
  api=4 type=1 insize=19454 outsize=6270 kw=DIRLIGHTMAP_COMBINED S_RECEIVE_SHADOWS MATRIX_PALETTE_SKINNING_1BONE LIGHTMAP_OFF DYNAMICLIGHTMAP_OFF S_SPECULAR_NONE pd=UNITY_ENABLE_REFLECTION_BUFFERS UNITY_USE_DITHER_MASK_FOR_ALPHABLENDED_SHADOWS UNITY_PBS_USE_BRDF1 UNITY_SPECCUBE_BOX_PROJECTION UNITY_SPECCUBE_BLENDING UNITY_ENABLE_DETAIL_NORMALMAP SHADER_API_DESKTOP ok=1
Cmd: compileSnippet
  api=4 type=1 insize=19454 outsize=9842 kw=DIRLIGHTMAP_COMBINED S_RECEIVE_SHADOWS MATRIX_PALETTE_SKINNING_1BONE S_OCCLUSION S_SPECULAR_METALLIC _METALLICGLOSSMAP _NORMALMAP LIGHTMAP_OFF DYNAMICLIGHTMAP_OFF D_VALVE_FOG pd=UNITY_ENABLE_REFLECTION_BUFFERS UNITY_USE_DITHER_MASK_FOR_ALPHABLENDED_SHADOWS UNITY_PBS_USE_BRDF1 UNITY_SPECCUBE_BOX_PROJECTION UNITY_SPECCUBE_BLENDING UNITY_ENABLE_DETAIL_NORMALMAP SHADER_API_DESKTOP ok=1
Cmd: compileSnippet
  api=4 type=1 insize=19454 outsize=8698 kw=DIRLIGHTMAP_SEPARATE S_RECEIVE_SHADOWS S_SPECULAR_BLINNPHONG LIGHTMAP_OFF DYNAMICLIGHTMAP_OFF _FLUORESCENCEMAP pd=UNITY_ENABLE_REFLECTION_BUFFERS UNITY_USE_DITHER_MASK_FOR_ALPHABLENDED_SHADOWS UNITY_PBS_USE_BRDF1 UNITY_SPECCUBE_BOX_PROJECTION UNITY_SPECCUBE_BLENDING UNITY_ENABLE_DETAIL_NORMALMAP SHADER_API_DESKTOP ok=1
Cmd: compileSnippet
  api=4 type=1 insize=19454 outsize=9842 kw=DIRLIGHTMAP_SEPARATE S_RECEIVE_SHADOWS S_OCCLUSION S_SPECULAR_METALLIC _METALLICGLOSSMAP _NORMALMAP LIGHTMAP_OFF DYNAMICLIGHTMAP_OFF D_VALVE_FOG pd=UNITY_ENABLE_REFLECTION_BUFFERS UNITY_USE_DITHER_MASK_FOR_ALPHABLENDED_SHADOWS UNITY_PBS_USE_BRDF1 UNITY_SPECCUBE_BOX_PROJECTION UNITY_SPECCUBE_BLENDING UNITY_ENABLE_DETAIL_NORMALMAP SHADER_API_DESKTOP ok=1
Cmd: compileSnippet
  api=4 type=1 insize=19454 outsize=9566 kw=DIRLIGHTMAP_SEPARATE S_RECEIVE_SHADOWS S_SPECULAR_BLINNPHONG LIGHTMAP_OFF DYNAMICLIGHTMAP_OFF D_VALVE_FOG D_VALVE_SHADOWING_POINT_LIGHTS D_CASTSHADOW pd=UNITY_ENABLE_REFLECTION_BUFFERS UNITY_USE_DITHER_MASK_FOR_ALPHABLENDED_SHADOWS UNITY_PBS_USE_BRDF1 UNITY_SPECCUBE_BOX_PROJECTION UNITY_SPECCUBE_BLENDING UNITY_ENABLE_DETAIL_NORMALMAP SHADER_API_DESKTOP ok=1
Cmd: compileSnippet
  api=4 type=1 insize=19454 outsize=9150 kw=DIRLIGHTMAP_SEPARATE S_RECEIVE_SHADOWS MATRIX_PALETTE_SKINNING_1BONE S_SPECULAR_METALLIC LIGHTMAP_OFF DYNAMICLIGHTMAP_OFF D_VALVE_FOG _FLUORESCENCEMAP pd=UNITY_ENABLE_REFLECTION_BUFFERS UNITY_USE_DITHER_MASK_FOR_ALPHABLENDED_SHADOWS UNITY_PBS_USE_BRDF1 UNITY_SPECCUBE_BOX_PROJECTION UNITY_SPECCUBE_BLENDING UNITY_ENABLE_DETAIL_NORMALMAP SHADER_API_DESKTOP ok=1
Cmd: compileSnippet
  api=4 type=1 insize=19454 outsize=9566 kw=DIRLIGHTMAP_SEPARATE S_RECEIVE_SHADOWS S_SPECULAR_BLINNPHONG MATRIX_PALETTE_SKINNING_1BONE LIGHTMAP_OFF DYNAMICLIGHTMAP_OFF D_VALVE_FOG D_VALVE_SHADOWING_POINT_LIGHTS D_CASTSHADOW pd=UNITY_ENABLE_REFLECTION_BUFFERS UNITY_USE_DITHER_MASK_FOR_ALPHABLENDED_SHADOWS UNITY_PBS_USE_BRDF1 UNITY_SPECCUBE_BOX_PROJECTION UNITY_SPECCUBE_BLENDING UNITY_ENABLE_DETAIL_NORMALMAP SHADER_API_DESKTOP ok=1
Cmd: compileSnippet
  api=4 type=1 insize=19454 outsize=8866 kw=DYNAMICLIGHTMAP_ON DIRLIGHTMAP_SEPARATE S_RECEIVE_SHADOWS S_SPECULAR_BLINNPHONG LIGHTMAP_OFF D_VALVE_FOG _FLUORESCENCEMAP pd=UNITY_ENABLE_REFLECTION_BUFFERS UNITY_USE_DITHER_MASK_FOR_ALPHABLENDED_SHADOWS UNITY_PBS_USE_BRDF1 UNITY_SPECCUBE_BOX_PROJECTION UNITY_SPECCUBE_BLENDING UNITY_ENABLE_DETAIL_NORMALMAP SHADER_API_DESKTOP ok=1
Cmd: compileSnippet
  api=4 type=1 insize=19454 outsize=9454 kw=DYNAMICLIGHTMAP_ON DIRLIGHTMAP_SEPARATE S_RECEIVE_SHADOWS S_SPECULAR_BLINNPHONG LIGHTMAP_OFF D_VALVE_FOG D_VALVE_SHADOWING_POINT_LIGHTS D_CASTSHADOW pd=UNITY_ENABLE_REFLECTION_BUFFERS UNITY_USE_DITHER_MASK_FOR_ALPHABLENDED_SHADOWS UNITY_PBS_USE_BRDF1 UNITY_SPECCUBE_BOX_PROJECTION UNITY_SPECCUBE_BLENDING UNITY_ENABLE_DETAIL_NORMALMAP SHADER_API_DESKTOP ok=1
Cmd: compileSnippet
  api=4 type=1 insize=19454 outsize=734 kw=DYNAMICLIGHTMAP_ON _EMISSION DIRLIGHTMAP_SEPARATE MATRIX_PALETTE_SKINNING_1BONE LIGHTMAP_OFF D_VALVE_SHADOWING_POINT_LIGHTS S_SPECULAR_NONE S_UNLIT pd=UNITY_ENABLE_REFLECTION_BUFFERS UNITY_USE_DITHER_MASK_FOR_ALPHABLENDED_SHADOWS UNITY_PBS_USE_BRDF1 UNITY_SPECCUBE_BOX_PROJECTION UNITY_SPECCUBE_BLENDING UNITY_ENABLE_DETAIL_NORMALMAP SHADER_API_DESKTOP ok=1
Cmd: compileSnippet
  api=4 type=1 insize=19454 outsize=8686 kw=DYNAMICLIGHTMAP_ON DIRLIGHTMAP_SEPARATE S_RECEIVE_SHADOWS MATRIX_PALETTE_SKINNING_1BONE S_SPECULAR_METALLIC LIGHTMAP_OFF D_VALVE_FOG pd=UNITY_ENABLE_REFLECTION_BUFFERS UNITY_USE_DITHER_MASK_FOR_ALPHABLENDED_SHADOWS UNITY_PBS_USE_BRDF1 UNITY_SPECCUBE_BOX_PROJECTION UNITY_SPECCUBE_BLENDING UNITY_ENABLE_DETAIL_NORMALMAP SHADER_API_DESKTOP ok=1
Cmd: compileSnippet
  api=4 type=1 insize=19454 outsize=9878 kw=DYNAMICLIGHTMAP_ON DIRLIGHTMAP_SEPARATE S_RECEIVE_SHADOWS MATRIX_PALETTE_SKINNING_1BONE S_SPECULAR_METALLIC LIGHTMAP_OFF D_VALVE_FOG D_VALVE_SHADOWING_POINT_LIGHTS _FLUORESCENCEMAP pd=UNITY_ENABLE_REFLECTION_BUFFERS UNITY_USE_DITHER_MASK_FOR_ALPHABLENDED_SHADOWS UNITY_PBS_USE_BRDF1 UNITY_SPECCUBE_BOX_PROJECTION UNITY_SPECCUBE_BLENDING UNITY_ENABLE_DETAIL_NORMALMAP SHADER_API_DESKTOP ok=1
Cmd: compileSnippet
  api=4 type=0 insize=4816 outsize=3866 kw=SPOT pd=UNITY_ENABLE_REFLECTION_BUFFERS UNITY_USE_DITHER_MASK_FOR_ALPHABLENDED_SHADOWS UNITY_PBS_USE_BRDF1 UNITY_SPECCUBE_BOX_PROJECTION UNITY_SPECCUBE_BLENDING UNITY_ENABLE_DETAIL_NORMALMAP SHADER_API_DESKTOP ok=1
Cmd: compileSnippet
  api=1 type=1 insize=1918 outsize=412 kw= pd=UNITY_ENABLE_REFLECTION_BUFFERS UNITY_USE_DITHER_MASK_FOR_ALPHABLENDED_SHADOWS UNITY_PBS_USE_BRDF1 UNITY_SPECCUBE_BOX_PROJECTION UNITY_SPECCUBE_BLENDING UNITY_ENABLE_DETAIL_NORMALMAP SHADER_API_DESKTOP ok=1
Cmd: compileSnippet
  api=1 type=0 insize=13897 outsize=852 kw=DIRECTIONAL DYNAMICLIGHTMAP_ON pd=UNITY_ENABLE_REFLECTION_BUFFERS UNITY_USE_DITHER_MASK_FOR_ALPHABLENDED_SHADOWS UNITY_PBS_USE_BRDF1 UNITY_SPECCUBE_BOX_PROJECTION UNITY_SPECCUBE_BLENDING UNITY_ENABLE_DETAIL_NORMALMAP SHADER_API_DESKTOP ok=1
Cmd: compileSnippet
  api=1 type=1 insize=13897 outsize=1132 kw=DIRECTIONAL SHADOWS_SCREEN pd=UNITY_ENABLE_REFLECTION_BUFFERS UNITY_USE_DITHER_MASK_FOR_ALPHABLENDED_SHADOWS UNITY_PBS_USE_BRDF1 UNITY_SPECCUBE_BOX_PROJECTION UNITY_SPECCUBE_BLENDING UNITY_ENABLE_DETAIL_NORMALMAP SHADER_API_DESKTOP ok=1
Cmd: compileSnippet
  api=4 type=1 insize=4033 outsize=1586 kw=POINT pd=UNITY_ENABLE_REFLECTION_BUFFERS UNITY_USE_DITHER_MASK_FOR_ALPHABLENDED_SHADOWS UNITY_PBS_USE_BRDF1 UNITY_SPECCUBE_BOX_PROJECTION UNITY_SPECCUBE_BLENDING UNITY_ENABLE_DETAIL_NORMALMAP SHADER_API_DESKTOP ok=1
Cmd: compileSnippet
  api=1 type=0 insize=12043 outsize=1288 kw=UNITY_HDR_ON pd=UNITY_ENABLE_REFLECTION_BUFFERS UNITY_USE_DITHER_MASK_FOR_ALPHABLENDED_SHADOWS UNITY_PBS_USE_BRDF1 UNITY_SPECCUBE_BOX_PROJECTION UNITY_SPECCUBE_BLENDING UNITY_ENABLE_DETAIL_NORMALMAP SHADER_API_DESKTOP ok=1
Cmd: compileSnippet
  api=1 type=1 insize=12043 outsize=696 kw=DYNAMICLIGHTMAP_ON UNITY_HDR_ON pd=UNITY_ENABLE_REFLECTION_BUFFERS UNITY_USE_DITHER_MASK_FOR_ALPHABLENDED_SHADOWS UNITY_PBS_USE_BRDF1 UNITY_SPECCUBE_BOX_PROJECTION UNITY_SPECCUBE_BLENDING UNITY_ENABLE_DETAIL_NORMALMAP SHADER_API_DESKTOP ok=1
Cmd: compileSnippet
  api=1 type=1 insize=12107 outsize=408 kw= pd=UNITY_ENABLE_REFLECTION_BUFFERS UNITY_USE_DITHER_MASK_FOR_ALPHABLENDED_SHADOWS UNITY_PBS_USE_BRDF1 UNITY_SPECCUBE_BOX_PROJECTION UNITY_SPECCUBE_BLENDING UNITY_ENABLE_DETAIL_NORMALMAP SHADER_API_DESKTOP ok=1
Cmd: compileSnippet
  api=1 type=1 insize=1083 outsize=492 kw= pd=UNITY_ENABLE_REFLECTION_BUFFERS UNITY_USE_DITHER_MASK_FOR_ALPHABLENDED_SHADOWS UNITY_PBS_USE_BRDF1 UNITY_SPECCUBE_BOX_PROJECTION UNITY_SPECCUBE_BLENDING UNITY_ENABLE_DETAIL_NORMALMAP SHADER_API_DESKTOP ok=1
Cmd: compileSnippet
  api=4 type=1 insize=11136 outsize=2134 kw= pd=UNITY_ENABLE_REFLECTION_BUFFERS UNITY_USE_DITHER_MASK_FOR_ALPHABLENDED_SHADOWS UNITY_PBS_USE_BRDF1 UNITY_SPECCUBE_BOX_PROJECTION UNITY_SPECCUBE_BLENDING UNITY_ENABLE_DETAIL_NORMALMAP SHADER_API_DESKTOP ok=1
Cmd: compileSnippet
  api=4 type=1 insize=11140 outsize=2290 kw=SHADOWS_SPLIT_SPHERES pd=UNITY_ENABLE_REFLECTION_BUFFERS UNITY_USE_DITHER_MASK_FOR_ALPHABLENDED_SHADOWS UNITY_PBS_USE_BRDF1 UNITY_SPECCUBE_BOX_PROJECTION UNITY_SPECCUBE_BLENDING UNITY_ENABLE_DETAIL_NORMALMAP SHADER_API_DESKTOP ok=1
Cmd: compileSnippet
  api=4 type=0 insize=11170 outsize=1258 kw=SHADOWS_SINGLE_CASCADE pd=UNITY_ENABLE_REFLECTION_BUFFERS UNITY_USE_DITHER_MASK_FOR_ALPHABLENDED_SHADOWS UNITY_PBS_USE_BRDF1 UNITY_SPECCUBE_BOX_PROJECTION UNITY_SPECCUBE_BLENDING UNITY_ENABLE_DETAIL_NORMALMAP SHADER_API_DESKTOP ok=1
Cmd: compileSnippet
  api=1 type=0 insize=1213 outsize=480 kw= pd=UNITY_ENABLE_REFLECTION_BUFFERS UNITY_USE_DITHER_MASK_FOR_ALPHABLENDED_SHADOWS UNITY_PBS_USE_BRDF1 UNITY_SPECCUBE_BOX_PROJECTION UNITY_SPECCUBE_BLENDING UNITY_ENABLE_DETAIL_NORMALMAP SHADER_API_DESKTOP ok=1
Cmd: compileSnippet
  api=4 type=0 insize=1128 outsize=750 kw= pd=UNITY_ENABLE_REFLECTION_BUFFERS UNITY_USE_DITHER_MASK_FOR_ALPHABLENDED_SHADOWS UNITY_PBS_USE_BRDF1 UNITY_SPECCUBE_BOX_PROJECTION UNITY_SPECCUBE_BLENDING UNITY_ENABLE_DETAIL_NORMALMAP SHADER_API_DESKTOP ok=1
Cmd: compileSnippet
  api=1 type=1 insize=1594 outsize=328 kw= pd=UNITY_ENABLE_REFLECTION_BUFFERS UNITY_USE_DITHER_MASK_FOR_ALPHABLENDED_SHADOWS UNITY_PBS_USE_BRDF1 UNITY_SPECCUBE_BOX_PROJECTION UNITY_SPECCUBE_BLENDING UNITY_ENABLE_DETAIL_NORMALMAP SHADER_API_DESKTOP ok=1
Cmd: compileSnippet
  api=4 type=0 insize=1631 outsize=1082 kw= pd=UNITY_ENABLE_REFLECTION_BUFFERS UNITY_USE_DITHER_MASK_FOR_ALPHABLENDED_SHADOWS UNITY_PBS_USE_BRDF1 UNITY_SPECCUBE_BOX_PROJECTION UNITY_SPECCUBE_BLENDING UNITY_ENABLE_DETAIL_NORMALMAP SHADER_API_DESKTOP ok=1
Cmd: compileSnippet
  api=4 type=1 insize=1769 outsize=422 kw= pd=UNITY_ENABLE_REFLECTION_BUFFERS UNITY_USE_DITHER_MASK_FOR_ALPHABLENDED_SHADOWS UNITY_PBS_USE_BRDF1 UNITY_SPECCUBE_BOX_PROJECTION UNITY_SPECCUBE_BLENDING UNITY_ENABLE_DETAIL_NORMALMAP SHADER_API_DESKTOP ok=1
Cmd: compileSnippet
  api=1 type=1 insize=2012 outsize=496 kw= pd=UNITY_ENABLE_REFLECTION_BUFFERS UNITY_USE_DITHER_MASK_FOR_ALPHABLENDED_SHADOWS UNITY_PBS_USE_BRDF1 UNITY_SPECCUBE_BOX_PROJECTION UNITY_SPECCUBE_BLENDING UNITY_ENABLE_DETAIL_NORMALMAP SHADER_API_DESKTOP ok=1
Cmd: compileSnippet
  api=4 type=1 insize=6746 outsize=1014 kw= pd=UNITY_ENABLE_REFLECTION_BUFFERS UNITY_USE_DITHER_MASK_FOR_ALPHABLENDED_SHADOWS UNITY_PBS_USE_BRDF1 UNITY_SPECCUBE_BOX_PROJECTION UNITY_SPECCUBE_BLENDING UNITY_ENABLE_DETAIL_NORMALMAP SHADER_API_DESKTOP ok=1
Cmd: compileSnippet
  api=1 type=1 insize=6740 outsize=348 kw= pd=UNITY_ENABLE_REFLECTION_BUFFERS UNITY_USE_DITHER_MASK_FOR_ALPHABLENDED_SHADOWS UNITY_PBS_USE_BRDF1 UNITY_SPECCUBE_BOX_PROJECTION UNITY_SPECCUBE_BLENDING UNITY_ENABLE_DETAIL_NORMALMAP SHADER_API_DESKTOP ok=1
Cmd: compileSnippet
  api=4 type=1 insize=6740 outsize=1534 kw= pd=UNITY_ENABLE_REFLECTION_BUFFERS UNITY_USE_DITHER_MASK_FOR_ALPHABLENDED_SHADOWS UNITY_PBS_USE_BRDF1 UNITY_SPECCUBE_BOX_PROJECTION UNITY_SPECCUBE_BLENDING UNITY_ENABLE_DETAIL_NORMALMAP SHADER_API_DESKTOP ok=1
Cmd: compileSnippet
  api=4 type=0 insize=19454 outsize=1166 kw=S_RECEIVE_SHADOWS S_SPECULAR_BLINNPHONG LIGHTMAP_OFF DIRLIGHTMAP_OFF DYNAMICLIGHTMAP_OFF D_VALVE_SHADOWING_POINT_LIGHTS _FLUORESCENCEMAP pd=UNITY_ENABLE_REFLECTION_BUFFERS UNITY_USE_DITHER_MASK_FOR_ALPHABLENDED_SHADOWS UNITY_PBS_USE_BRDF1 UNITY_SPECCUBE_BOX_PROJECTION UNITY_SPECCUBE_BLENDING UNITY_ENABLE_DETAIL_NORMALMAP SHADER_API_DESKTOP ok=1
Cmd: compileSnippet
  api=4 type=0 insize=19454 outsize=1494 kw=_EMISSION LIGHTMAP_OFF DIRLIGHTMAP_OFF DYNAMICLIGHTMAP_OFF D_VALVE_FOG D_VALVE_SHADOWING_POINT_LIGHTS S_SPECULAR_NONE S_UNLIT pd=UNITY_ENABLE_REFLECTION_BUFFERS UNITY_USE_DITHER_MASK_FOR_ALPHABLENDED_SHADOWS UNITY_PBS_USE_BRDF1 UNITY_SPECCUBE_BOX_PROJECTION UNITY_SPECCUBE_BLENDING UNITY_ENABLE_DETAIL_NORMALMAP SHADER_API_DESKTOP ok=1
Cmd: compileSnippet
  api=4 type=0 insize=19454 outsize=2194 kw=S_RECEIVE_SHADOWS MATRIX_PALETTE_SKINNING_1BONE LIGHTMAP_OFF DIRLIGHTMAP_OFF DYNAMICLIGHTMAP_OFF S_SPECULAR_NONE pd=UNITY_ENABLE_REFLECTION_BUFFERS UNITY_USE_DITHER_MASK_FOR_ALPHABLENDED_SHADOWS UNITY_PBS_USE_BRDF1 UNITY_SPECCUBE_BOX_PROJECTION UNITY_SPECCUBE_BLENDING UNITY_ENABLE_DETAIL_NORMALMAP SHADER_API_DESKTOP ok=1
Cmd: compileSnippet
  api=4 type=0 insize=19454 outsize=2194 kw=S_RECEIVE_SHADOWS MATRIX_PALETTE_SKINNING_1BONE S_SPECULAR_METALLIC LIGHTMAP_OFF DIRLIGHTMAP_OFF DYNAMICLIGHTMAP_OFF D_VALVE_SHADOWING_POINT_LIGHTS _FLUORESCENCEMAP pd=UNITY_ENABLE_REFLECTION_BUFFERS UNITY_USE_DITHER_MASK_FOR_ALPHABLENDED_SHADOWS UNITY_PBS_USE_BRDF1 UNITY_SPECCUBE_BOX_PROJECTION UNITY_SPECCUBE_BLENDING UNITY_ENABLE_DETAIL_NORMALMAP SHADER_API_DESKTOP ok=1
Cmd: compileSnippet
  api=4 type=0 insize=19454 outsize=2798 kw=S_RECEIVE_SHADOWS MATRIX_PALETTE_SKINNING_1BONE S_SPECULAR_METALLIC LIGHTMAP_OFF DIRLIGHTMAP_OFF DYNAMICLIGHTMAP_OFF D_VALVE_FOG _FLUORESCENCEMAP pd=UNITY_ENABLE_REFLECTION_BUFFERS UNITY_USE_DITHER_MASK_FOR_ALPHABLENDED_SHADOWS UNITY_PBS_USE_BRDF1 UNITY_SPECCUBE_BOX_PROJECTION UNITY_SPECCUBE_BLENDING UNITY_ENABLE_DETAIL_NORMALMAP SHADER_API_DESKTOP ok=1
Cmd: compileSnippet
  api=4 type=0 insize=19454 outsize=2798 kw=S_RECEIVE_SHADOWS MATRIX_PALETTE_SKINNING_1BONE LIGHTMAP_OFF DIRLIGHTMAP_OFF DYNAMICLIGHTMAP_OFF D_VALVE_FOG D_VALVE_SHADOWING_POINT_LIGHTS S_SPECULAR_NONE pd=UNITY_ENABLE_REFLECTION_BUFFERS UNITY_USE_DITHER_MASK_FOR_ALPHABLENDED_SHADOWS UNITY_PBS_USE_BRDF1 UNITY_SPECCUBE_BOX_PROJECTION UNITY_SPECCUBE_BLENDING UNITY_ENABLE_DETAIL_NORMALMAP SHADER_API_DESKTOP ok=1
Cmd: compileSnippet
  api=4 type=0 insize=19454 outsize=1330 kw=DYNAMICLIGHTMAP_ON S_RECEIVE_SHADOWS S_SPECULAR_BLINNPHONG LIGHTMAP_OFF DIRLIGHTMAP_OFF D_VALVE_SHADOWING_POINT_LIGHTS _FLUORESCENCEMAP pd=UNITY_ENABLE_REFLECTION_BUFFERS UNITY_USE_DITHER_MASK_FOR_ALPHABLENDED_SHADOWS UNITY_PBS_USE_BRDF1 UNITY_SPECCUBE_BOX_PROJECTION UNITY_SPECCUBE_BLENDING UNITY_ENABLE_DETAIL_NORMALMAP SHADER_API_DESKTOP ok=1
Cmd: compileSnippet
  api=4 type=0 insize=19454 outsize=1934 kw=DYNAMICLIGHTMAP_ON S_RECEIVE_SHADOWS S_SPECULAR_METALLIC LIGHTMAP_OFF DIRLIGHTMAP_OFF D_VALVE_FOG _FLUORESCENCEMAP pd=UNITY_ENABLE_REFLECTION_BUFFERS UNITY_USE_DITHER_MASK_FOR_ALPHABLENDED_SHADOWS UNITY_PBS_USE_BRDF1 UNITY_SPECCUBE_BOX_PROJECTION UNITY_SPECCUBE_BLENDING UNITY_ENABLE_DETAIL_NORMALMAP SHADER_API_DESKTOP ok=1
Cmd: compileSnippet
  api=4 type=0 insize=19454 outsize=2358 kw=DYNAMICLIGHTMAP_ON S_RECEIVE_SHADOWS S_SPECULAR_BLINNPHONG MATRIX_PALETTE_SKINNING_1BONE LIGHTMAP_OFF DIRLIGHTMAP_OFF _FLUORESCENCEMAP pd=UNITY_ENABLE_REFLECTION_BUFFERS UNITY_USE_DITHER_MASK_FOR_ALPHABLENDED_SHADOWS UNITY_PBS_USE_BRDF1 UNITY_SPECCUBE_BOX_PROJECTION UNITY_SPECCUBE_BLENDING UNITY_ENABLE_DETAIL_NORMALMAP SHADER_API_DESKTOP ok=1
Cmd: compileSnippet
  api=4 type=0 insize=19454 outsize=2882 kw=DYNAMICLIGHTMAP_ON S_RECEIVE_SHADOWS MATRIX_PALETTE_SKINNING_1BONE S_OCCLUSION S_SPECULAR_METALLIC _METALLICGLOSSMAP _NORMALMAP LIGHTMAP_OFF DIRLIGHTMAP_OFF D_VALVE_SHADOWING_POINT_LIGHTS D_CASTSHADOW pd=UNITY_ENABLE_REFLECTION_BUFFERS UNITY_USE_DITHER_MASK_FOR_ALPHABLENDED_SHADOWS UNITY_PBS_USE_BRDF1 UNITY_SPECCUBE_BOX_PROJECTION UNITY_SPECCUBE_BLENDING UNITY_ENABLE_DETAIL_NORMALMAP SHADER_API_DESKTOP ok=1
Cmd: compileSnippet
  api=4 type=0 insize=19454 outsize=2962 kw=DYNAMICLIGHTMAP_ON S_RECEIVE_SHADOWS MATRIX_PALETTE_SKINNING_1BONE S_SPECULAR_METALLIC LIGHTMAP_OFF DIRLIGHTMAP_OFF D_VALVE_FOG D_VALVE_SHADOWING_POINT_LIGHTS _FLUORESCENCEMAP pd=UNITY_ENABLE_REFLECTION_BUFFERS UNITY_USE_DITHER_MASK_FOR_ALPHABLENDED_SHADOWS UNITY_PBS_USE_BRDF1 UNITY_SPECCUBE_BOX_PROJECTION UNITY_SPECCUBE_BLENDING UNITY_ENABLE_DETAIL_NORMALMAP SHADER_API_DESKTOP ok=1
Cmd: compileSnippet
  api=4 type=0 insize=19454 outsize=1166 kw=DIRLIGHTMAP_COMBINED LIGHTMAP_OFF DYNAMICLIGHTMAP_OFF S_SPECULAR_NONE pd=UNITY_ENABLE_REFLECTION_BUFFERS UNITY_USE_DITHER_MASK_FOR_ALPHABLENDED_SHADOWS UNITY_PBS_USE_BRDF1 UNITY_SPECCUBE_BOX_PROJECTION UNITY_SPECCUBE_BLENDING UNITY_ENABLE_DETAIL_NORMALMAP SHADER_API_DESKTOP ok=1
Cmd: compileSnippet
  api=4 type=0 insize=19454 outsize=1166 kw=DIRLIGHTMAP_COMBINED S_RECEIVE_SHADOWS S_SPECULAR_BLINNPHONG LIGHTMAP_OFF DYNAMICLIGHTMAP_OFF D_VALVE_SHADOWING_POINT_LIGHTS D_CASTSHADOW pd=UNITY_ENABLE_REFLECTION_BUFFERS UNITY_USE_DITHER_MASK_FOR_ALPHABLENDED_SHADOWS UNITY_PBS_USE_BRDF1 UNITY_SPECCUBE_BOX_PROJECTION UNITY_SPECCUBE_BLENDING UNITY_ENABLE_DETAIL_NORMALMAP SHADER_API_DESKTOP ok=1
Cmd: compileSnippet
  api=4 type=0 insize=19454 outsize=1770 kw=DIRLIGHTMAP_COMBINED S_RECEIVE_SHADOWS S_SPECULAR_METALLIC LIGHTMAP_OFF DYNAMICLIGHTMAP_OFF D_VALVE_FOG D_VALVE_SHADOWING_POINT_LIGHTS pd=UNITY_ENABLE_REFLECTION_BUFFERS UNITY_USE_DITHER_MASK_FOR_ALPHABLENDED_SHADOWS UNITY_PBS_USE_BRDF1 UNITY_SPECCUBE_BOX_PROJECTION UNITY_SPECCUBE_BLENDING UNITY_ENABLE_DETAIL_NORMALMAP SHADER_API_DESKTOP ok=1
Cmd: compileSnippet
  api=4 type=0 insize=19454 outsize=2194 kw=DIRLIGHTMAP_COMBINED S_RECEIVE_SHADOWS MATRIX_PALETTE_SKINNING_1BONE LIGHTMAP_OFF DYNAMICLIGHTMAP_OFF S_SPECULAR_NONE pd=UNITY_ENABLE_REFLECTION_BUFFERS UNITY_USE_DITHER_MASK_FOR_ALPHABLENDED_SHADOWS UNITY_PBS_USE_BRDF1 UNITY_SPECCUBE_BOX_PROJECTION UNITY_SPECCUBE_BLENDING UNITY_ENABLE_DETAIL_NORMALMAP SHADER_API_DESKTOP ok=1
Cmd: compileSnippet
  api=4 type=0 insize=19454 outsize=2194 kw=DIRLIGHTMAP_COMBINED S_RECEIVE_SHADOWS S_SPECULAR_BLINNPHONG MATRIX_PALETTE_SKINNING_1BONE LIGHTMAP_OFF DYNAMICLIGHTMAP_OFF D_VALVE_SHADOWING_POINT_LIGHTS D_CASTSHADOW pd=UNITY_ENABLE_REFLECTION_BUFFERS UNITY_USE_DITHER_MASK_FOR_ALPHABLENDED_SHADOWS UNITY_PBS_USE_BRDF1 UNITY_SPECCUBE_BOX_PROJECTION UNITY_SPECCUBE_BLENDING UNITY_ENABLE_DETAIL_NORMALMAP SHADER_API_DESKTOP ok=1
Cmd: compileSnippet
  api=4 type=0 insize=19454 outsize=2798 kw=DIRLIGHTMAP_COMBINED MATRIX_PALETTE_SKINNING_1BONE LIGHTMAP_OFF DYNAMICLIGHTMAP_OFF D_VALVE_FOG D_VALVE_SHADOWING_POINT_LIGHTS S_SPECULAR_NONE pd=UNITY_ENABLE_REFLECTION_BUFFERS UNITY_USE_DITHER_MASK_FOR_ALPHABLENDED_SHADOWS UNITY_PBS_USE_BRDF1 UNITY_SPECCUBE_BOX_PROJECTION UNITY_SPECCUBE_BLENDING UNITY_ENABLE_DETAIL_NORMALMAP SHADER_API_DESKTOP ok=1
Cmd: compileSnippet
  api=4 type=0 insize=19454 outsize=758 kw=_EMISSION DIRLIGHTMAP_SEPARATE LIGHTMAP_OFF DYNAMICLIGHTMAP_OFF S_SPECULAR_NONE S_UNLIT pd=UNITY_ENABLE_REFLECTION_BUFFERS UNITY_USE_DITHER_MASK_FOR_ALPHABLENDED_SHADOWS UNITY_PBS_USE_BRDF1 UNITY_SPECCUBE_BOX_PROJECTION UNITY_SPECCUBE_BLENDING UNITY_ENABLE_DETAIL_NORMALMAP SHADER_API_DESKTOP ok=1
Cmd: compileSnippet
  api=4 type=0 insize=19454 outsize=2210 kw=DIRLIGHTMAP_SEPARATE S_RECEIVE_SHADOWS S_OCCLUSION S_SPECULAR_METALLIC _METALLICGLOSSMAP _NORMALMAP LIGHTMAP_OFF DYNAMICLIGHTMAP_OFF D_VALVE_FOG pd=UNITY_ENABLE_REFLECTION_BUFFERS UNITY_USE_DITHER_MASK_FOR_ALPHABLENDED_SHADOWS UNITY_PBS_USE_BRDF1 UNITY_SPECCUBE_BOX_PROJECTION UNITY_SPECCUBE_BLENDING UNITY_ENABLE_DETAIL_NORMALMAP SHADER_API_DESKTOP ok=1
Cmd: compileSnippet
  api=4 type=0 insize=19454 outsize=1770 kw=DIRLIGHTMAP_SEPARATE S_RECEIVE_SHADOWS LIGHTMAP_OFF DYNAMICLIGHTMAP_OFF D_VALVE_FOG D_VALVE_SHADOWING_POINT_LIGHTS S_RETROREFLECTIVE pd=UNITY_ENABLE_REFLECTION_BUFFERS UNITY_USE_DITHER_MASK_FOR_ALPHABLENDED_SHADOWS UNITY_PBS_USE_BRDF1 UNITY_SPECCUBE_BOX_PROJECTION UNITY_SPECCUBE_BLENDING UNITY_ENABLE_DETAIL_NORMALMAP SHADER_API_DESKTOP ok=1
Cmd: compileSnippet
  api=4 type=0 insize=19454 outsize=2194 kw=DIRLIGHTMAP_SEPARATE S_RECEIVE_SHADOWS MATRIX_PALETTE_SKINNING_1BONE S_SPECULAR_METALLIC LIGHTMAP_OFF DYNAMICLIGHTMAP_OFF D_VALVE_SHADOWING_POINT_LIGHTS pd=UNITY_ENABLE_REFLECTION_BUFFERS UNITY_USE_DITHER_MASK_FOR_ALPHABLENDED_SHADOWS UNITY_PBS_USE_BRDF1 UNITY_SPECCUBE_BOX_PROJECTION UNITY_SPECCUBE_BLENDING UNITY_ENABLE_DETAIL_NORMALMAP SHADER_API_DESKTOP ok=1
Cmd: compileSnippet
  api=4 type=0 insize=19454 outsize=3322 kw=DIRLIGHTMAP_SEPARATE S_RECEIVE_SHADOWS MATRIX_PALETTE_SKINNING_1BONE S_OCCLUSION S_SPECULAR_METALLIC _METALLICGLOSSMAP _NORMALMAP LIGHTMAP_OFF DYNAMICLIGHTMAP_OFF D_VALVE_FOG pd=UNITY_ENABLE_REFLECTION_BUFFERS UNITY_USE_DITHER_MASK_FOR_ALPHABLENDED_SHADOWS UNITY_PBS_USE_BRDF1 UNITY_SPECCUBE_BOX_PROJECTION UNITY_SPECCUBE_BLENDING UNITY_ENABLE_DETAIL_NORMALMAP SHADER_API_DESKTOP ok=1
Cmd: compileSnippet
  api=4 type=0 insize=19454 outsize=2798 kw=DIRLIGHTMAP_SEPARATE S_RECEIVE_SHADOWS MATRIX_PALETTE_SKINNING_1BONE LIGHTMAP_OFF DYNAMICLIGHTMAP_OFF D_VALVE_FOG D_VALVE_SHADOWING_POINT_LIGHTS S_SPECULAR_NONE pd=UNITY_ENABLE_REFLECTION_BUFFERS UNITY_USE_DITHER_MASK_FOR_ALPHABLENDED_SHADOWS UNITY_PBS_USE_BRDF1 UNITY_SPECCUBE_BOX_PROJECTION UNITY_SPECCUBE_BLENDING UNITY_ENABLE_DETAIL_NORMALMAP SHADER_API_DESKTOP ok=1
Cmd: compileSnippet
  api=4 type=0 insize=19454 outsize=1330 kw=DYNAMICLIGHTMAP_ON DIRLIGHTMAP_SEPARATE S_RECEIVE_SHADOWS S_SPECULAR_BLINNPHONG LIGHTMAP_OFF D_CASTSHADOW pd=UNITY_ENABLE_REFLECTION_BUFFERS UNITY_USE_DITHER_MASK_FOR_ALPHABLENDED_SHADOWS UNITY_PBS_USE_BRDF1 UNITY_SPECCUBE_BOX_PROJECTION UNITY_SPECCUBE_BLENDING UNITY_ENABLE_DETAIL_NORMALMAP SHADER_API_DESKTOP ok=1
Cmd: compileSnippet
  api=4 type=0 insize=19454 outsize=1934 kw=DYNAMICLIGHTMAP_ON DIRLIGHTMAP_SEPARATE S_RECEIVE_SHADOWS S_SPECULAR_BLINNPHONG LIGHTMAP_OFF D_VALVE_FOG _FLUORESCENCEMAP pd=UNITY_ENABLE_REFLECTION_BUFFERS UNITY_USE_DITHER_MASK_FOR_ALPHABLENDED_SHADOWS UNITY_PBS_USE_BRDF1 UNITY_SPECCUBE_BOX_PROJECTION UNITY_SPECCUBE_BLENDING UNITY_ENABLE_DETAIL_NORMALMAP SHADER_API_DESKTOP ok=1
Cmd: compileSnippet
  api=4 type=0 insize=19454 outsize=2374 kw=DYNAMICLIGHTMAP_ON DIRLIGHTMAP_SEPARATE S_RECEIVE_SHADOWS S_OCCLUSION S_SPECULAR_METALLIC _METALLICGLOSSMAP _NORMALMAP LIGHTMAP_OFF D_VALVE_FOG D_VALVE_SHADOWING_POINT_LIGHTS _FLUORESCENCEMAP pd=UNITY_ENABLE_REFLECTION_BUFFERS UNITY_USE_DITHER_MASK_FOR_ALPHABLENDED_SHADOWS UNITY_PBS_USE_BRDF1 UNITY_SPECCUBE_BOX_PROJECTION UNITY_SPECCUBE_BLENDING UNITY_ENABLE_DETAIL_NORMALMAP SHADER_API_DESKTOP ok=1
Cmd: compileSnippet
  api=4 type=0 insize=19454 outsize=2358 kw=DYNAMICLIGHTMAP_ON DIRLIGHTMAP_SEPARATE S_RECEIVE_SHADOWS MATRIX_PALETTE_SKINNING_1BONE LIGHTMAP_OFF S_RETROREFLECTIVE pd=UNITY_ENABLE_REFLECTION_BUFFERS UNITY_USE_DITHER_MASK_FOR_ALPHABLENDED_SHADOWS UNITY_PBS_USE_BRDF1 UNITY_SPECCUBE_BOX_PROJECTION UNITY_SPECCUBE_BLENDING UNITY_ENABLE_DETAIL_NORMALMAP SHADER_API_DESKTOP ok=1
Cmd: compileSnippet
  api=4 type=0 insize=19454 outsize=2962 kw=DYNAMICLIGHTMAP_ON DIRLIGHTMAP_SEPARATE S_RECEIVE_SHADOWS S_SPECULAR_BLINNPHONG MATRIX_PALETTE_SKINNING_1BONE LIGHTMAP_OFF D_VALVE_FOG _FLUORESCENCEMAP pd=UNITY_ENABLE_REFLECTION_BUFFERS UNITY_USE_DITHER_MASK_FOR_ALPHABLENDED_SHADOWS UNITY_PBS_USE_BRDF1 UNITY_SPECCUBE_BOX_PROJECTION UNITY_SPECCUBE_BLENDING UNITY_ENABLE_DETAIL_NORMALMAP SHADER_API_DESKTOP ok=1
Cmd: compileSnippet
  api=4 type=1 insize=19454 outsize=10142 kw=S_RECEIVE_SHADOWS S_OCCLUSION S_SPECULAR_METALLIC _METALLICGLOSSMAP _NORMALMAP LIGHTMAP_OFF DIRLIGHTMAP_OFF DYNAMICLIGHTMAP_OFF D_VALVE_FOG _FLUORESCENCEMAP pd=UNITY_ENABLE_REFLECTION_BUFFERS UNITY_USE_DITHER_MASK_FOR_ALPHABLENDED_SHADOWS UNITY_PBS_USE_BRDF1 UNITY_SPECCUBE_BOX_PROJECTION UNITY_SPECCUBE_BLENDING UNITY_ENABLE_DETAIL_NORMALMAP SHADER_API_DESKTOP ok=1
Cmd: compileSnippet
  api=4 type=1 insize=19454 outsize=9702 kw=S_RECEIVE_SHADOWS LIGHTMAP_OFF DIRLIGHTMAP_OFF DYNAMICLIGHTMAP_OFF D_VALVE_FOG D_VALVE_SHADOWING_POINT_LIGHTS S_RETROREFLECTIVE pd=UNITY_ENABLE_REFLECTION_BUFFERS UNITY_USE_DITHER_MASK_FOR_ALPHABLENDED_SHADOWS UNITY_PBS_USE_BRDF1 UNITY_SPECCUBE_BOX_PROJECTION UNITY_SPECCUBE_BLENDING UNITY_ENABLE_DETAIL_NORMALMAP SHADER_API_DESKTOP ok=1
Cmd: compileSnippet
  api=4 type=1 insize=19454 outsize=4686 kw=MATRIX_PALETTE_SKINNING_1BONE LIGHTMAP_OFF DIRLIGHTMAP_OFF DYNAMICLIGHTMAP_OFF D_VALVE_SHADOWING_POINT_LIGHTS S_SPECULAR_NONE pd=UNITY_ENABLE_REFLECTION_BUFFERS UNITY_USE_DITHER_MASK_FOR_ALPHABLENDED_SHADOWS UNITY_PBS_USE_BRDF1 UNITY_SPECCUBE_BOX_PROJECTION UNITY_SPECCUBE_BLENDING UNITY_ENABLE_DETAIL_NORMALMAP SHADER_API_DESKTOP ok=1
Cmd: compileSnippet
  api=4 type=1 insize=19454 outsize=9842 kw=S_RECEIVE_SHADOWS MATRIX_PALETTE_SKINNING_1BONE S_OCCLUSION S_SPECULAR_METALLIC _METALLICGLOSSMAP _NORMALMAP LIGHTMAP_OFF DIRLIGHTMAP_OFF DYNAMICLIGHTMAP_OFF D_VALVE_FOG pd=UNITY_ENABLE_REFLECTION_BUFFERS UNITY_USE_DITHER_MASK_FOR_ALPHABLENDED_SHADOWS UNITY_PBS_USE_BRDF1 UNITY_SPECCUBE_BOX_PROJECTION UNITY_SPECCUBE_BLENDING UNITY_ENABLE_DETAIL_NORMALMAP SHADER_API_DESKTOP ok=1
Cmd: compileSnippet
  api=4 type=1 insize=19454 outsize=7490 kw=S_RECEIVE_SHADOWS MATRIX_PALETTE_SKINNING_1BONE LIGHTMAP_OFF DIRLIGHTMAP_OFF DYNAMICLIGHTMAP_OFF D_VALVE_FOG D_VALVE_SHADOWING_POINT_LIGHTS S_SPECULAR_NONE pd=UNITY_ENABLE_REFLECTION_BUFFERS UNITY_USE_DITHER_MASK_FOR_ALPHABLENDED_SHADOWS UNITY_PBS_USE_BRDF1 UNITY_SPECCUBE_BOX_PROJECTION UNITY_SPECCUBE_BLENDING UNITY_ENABLE_DETAIL_NORMALMAP SHADER_API_DESKTOP ok=1
Cmd: compileSnippet
  api=4 type=1 insize=19454 outsize=9566 kw=DYNAMICLIGHTMAP_ON S_RECEIVE_SHADOWS S_SPECULAR_METALLIC LIGHTMAP_OFF DIRLIGHTMAP_OFF D_VALVE_SHADOWING_POINT_LIGHTS _FLUORESCENCEMAP pd=UNITY_ENABLE_REFLECTION_BUFFERS UNITY_USE_DITHER_MASK_FOR_ALPHABLENDED_SHADOWS UNITY_PBS_USE_BRDF1 UNITY_SPECCUBE_BOX_PROJECTION UNITY_SPECCUBE_BLENDING UNITY_ENABLE_DETAIL_NORMALMAP SHADER_API_DESKTOP ok=1
Cmd: compileSnippet
  api=4 type=1 insize=19454 outsize=9774 kw=DYNAMICLIGHTMAP_ON S_RECEIVE_SHADOWS S_SPECULAR_BLINNPHONG LIGHTMAP_OFF DIRLIGHTMAP_OFF D_VALVE_FOG D_VALVE_SHADOWING_POINT_LIGHTS _FLUORESCENCEMAP pd=UNITY_ENABLE_REFLECTION_BUFFERS UNITY_USE_DITHER_MASK_FOR_ALPHABLENDED_SHADOWS UNITY_PBS_USE_BRDF1 UNITY_SPECCUBE_BOX_PROJECTION UNITY_SPECCUBE_BLENDING UNITY_ENABLE_DETAIL_NORMALMAP SHADER_API_DESKTOP ok=1
Cmd: compileSnippet
  api=4 type=1 insize=19454 outsize=8234 kw=DYNAMICLIGHTMAP_ON S_RECEIVE_SHADOWS S_SPECULAR_BLINNPHONG MATRIX_PALETTE_SKINNING_1BONE LIGHTMAP_OFF DIRLIGHTMAP_OFF D_CASTSHADOW pd=UNITY_ENABLE_REFLECTION_BUFFERS UNITY_USE_DITHER_MASK_FOR_ALPHABLENDED_SHADOWS UNITY_PBS_USE_BRDF1 UNITY_SPECCUBE_BOX_PROJECTION UNITY_SPECCUBE_BLENDING UNITY_ENABLE_DETAIL_NORMALMAP SHADER_API_DESKTOP ok=1
Cmd: compileSnippet
  api=4 type=1 insize=19454 outsize=4854 kw=DYNAMICLIGHTMAP_ON MATRIX_PALETTE_SKINNING_1BONE LIGHTMAP_OFF DIRLIGHTMAP_OFF D_VALVE_FOG S_SPECULAR_NONE pd=UNITY_ENABLE_REFLECTION_BUFFERS UNITY_USE_DITHER_MASK_FOR_ALPHABLENDED_SHADOWS UNITY_PBS_USE_BRDF1 UNITY_SPECCUBE_BOX_PROJECTION UNITY_SPECCUBE_BLENDING UNITY_ENABLE_DETAIL_NORMALMAP SHADER_API_DESKTOP ok=1
Cmd: compileSnippet
  api=4 type=1 insize=19454 outsize=1046 kw=DYNAMICLIGHTMAP_ON _EMISSION MATRIX_PALETTE_SKINNING_1BONE LIGHTMAP_OFF DIRLIGHTMAP_OFF D_VALVE_FOG S_SPECULAR_NONE S_UNLIT pd=UNITY_ENABLE_REFLECTION_BUFFERS UNITY_USE_DITHER_MASK_FOR_ALPHABLENDED_SHADOWS UNITY_PBS_USE_BRDF1 UNITY_SPECCUBE_BOX_PROJECTION UNITY_SPECCUBE_BLENDING UNITY_ENABLE_DETAIL_NORMALMAP SHADER_API_DESKTOP ok=1
Cmd: compileSnippet
  api=4 type=1 insize=19454 outsize=9698 kw=DYNAMICLIGHTMAP_ON S_RECEIVE_SHADOWS MATRIX_PALETTE_SKINNING_1BONE S_OCCLUSION S_SPECULAR_METALLIC _METALLICGLOSSMAP _NORMALMAP LIGHTMAP_OFF DIRLIGHTMAP_OFF D_VALVE_FOG D_CASTSHADOW pd=UNITY_ENABLE_REFLECTION_BUFFERS UNITY_USE_DITHER_MASK_FOR_ALPHABLENDED_SHADOWS UNITY_PBS_USE_BRDF1 UNITY_SPECCUBE_BOX_PROJECTION UNITY_SPECCUBE_BLENDING UNITY_ENABLE_DETAIL_NORMALMAP SHADER_API_DESKTOP ok=1
Cmd: compileSnippet
  api=4 type=1 insize=19454 outsize=4686 kw=DIRLIGHTMAP_COMBINED LIGHTMAP_OFF DYNAMICLIGHTMAP_OFF S_SPECULAR_NONE pd=UNITY_ENABLE_REFLECTION_BUFFERS UNITY_USE_DITHER_MASK_FOR_ALPHABLENDED_SHADOWS UNITY_PBS_USE_BRDF1 UNITY_SPECCUBE_BOX_PROJECTION UNITY_SPECCUBE_BLENDING UNITY_ENABLE_DETAIL_NORMALMAP SHADER_API_DESKTOP ok=1
Cmd: compileSnippet
  api=4 type=1 insize=19454 outsize=9426 kw=DIRLIGHTMAP_COMBINED S_RECEIVE_SHADOWS S_SPECULAR_METALLIC LIGHTMAP_OFF DYNAMICLIGHTMAP_OFF D_VALVE_SHADOWING_POINT_LIGHTS pd=UNITY_ENABLE_REFLECTION_BUFFERS UNITY_USE_DITHER_MASK_FOR_ALPHABLENDED_SHADOWS UNITY_PBS_USE_BRDF1 UNITY_SPECCUBE_BOX_PROJECTION UNITY_SPECCUBE_BLENDING UNITY_ENABLE_DETAIL_NORMALMAP SHADER_API_DESKTOP ok=1
Cmd: compileSnippet
  api=4 type=1 insize=19454 outsize=1046 kw=DIRLIGHTMAP_COMBINED _EMISSION LIGHTMAP_OFF DYNAMICLIGHTMAP_OFF D_VALVE_FOG S_SPECULAR_NONE S_UNLIT pd=UNITY_ENABLE_REFLECTION_BUFFERS UNITY_USE_DITHER_MASK_FOR_ALPHABLENDED_SHADOWS UNITY_PBS_USE_BRDF1 UNITY_SPECCUBE_BOX_PROJECTION UNITY_SPECCUBE_BLENDING UNITY_ENABLE_DETAIL_NORMALMAP SHADER_API_DESKTOP ok=1
Cmd: compileSnippet
  api=4 type=1 insize=19454 outsize=10718 kw=DIRLIGHTMAP_COMBINED S_RECEIVE_SHADOWS S_OCCLUSION S_SPECULAR_METALLIC _METALLICGLOSSMAP _NORMALMAP LIGHTMAP_OFF DYNAMICLIGHTMAP_OFF D_VALVE_FOG D_VALVE_SHADOWING_POINT_LIGHTS pd=UNITY_ENABLE_REFLECTION_BUFFERS UNITY_USE_DITHER_MASK_FOR_ALPHABLENDED_SHADOWS UNITY_PBS_USE_BRDF1 UNITY_SPECCUBE_BOX_PROJECTION UNITY_SPECCUBE_BLENDING UNITY_ENABLE_DETAIL_NORMALMAP SHADER_API_DESKTOP ok=1
Cmd: compileSnippet
  api=4 type=1 insize=19454 outsize=734 kw=DIRLIGHTMAP_COMBINED _EMISSION MATRIX_PALETTE_SKINNING_1BONE LIGHTMAP_OFF DYNAMICLIGHTMAP_OFF S_SPECULAR_NONE S_UNLIT pd=UNITY_ENABLE_REFLECTION_BUFFERS UNITY_USE_DITHER_MASK_FOR_ALPHABLENDED_SHADOWS UNITY_PBS_USE_BRDF1 UNITY_SPECCUBE_BOX_PROJECTION UNITY_SPECCUBE_BLENDING UNITY_ENABLE_DETAIL_NORMALMAP SHADER_API_DESKTOP ok=1
Cmd: compileSnippet
  api=4 type=1 insize=19454 outsize=9746 kw=DIRLIGHTMAP_COMBINED S_RECEIVE_SHADOWS MATRIX_PALETTE_SKINNING_1BONE S_SPECULAR_METALLIC LIGHTMAP_OFF DYNAMICLIGHTMAP_OFF D_VALVE_SHADOWING_POINT_LIGHTS _FLUORESCENCEMAP pd=UNITY_ENABLE_REFLECTION_BUFFERS UNITY_USE_DITHER_MASK_FOR_ALPHABLENDED_SHADOWS UNITY_PBS_USE_BRDF1 UNITY_SPECCUBE_BOX_PROJECTION UNITY_SPECCUBE_BLENDING UNITY_ENABLE_DETAIL_NORMALMAP SHADER_API_DESKTOP ok=1
Cmd: compileSnippet
  api=4 type=1 insize=19454 outsize=8690 kw=DIRLIGHTMAP_COMBINED S_RECEIVE_SHADOWS S_SPECULAR_BLINNPHONG MATRIX_PALETTE_SKINNING_1BONE LIGHTMAP_OFF DYNAMICLIGHTMAP_OFF D_VALVE_FOG D_CASTSHADOW pd=UNITY_ENABLE_REFLECTION_BUFFERS UNITY_USE_DITHER_MASK_FOR_ALPHABLENDED_SHADOWS UNITY_PBS_USE_BRDF1 UNITY_SPECCUBE_BOX_PROJECTION UNITY_SPECCUBE_BLENDING UNITY_ENABLE_DETAIL_NORMALMAP SHADER_API_DESKTOP ok=1
Cmd: compileSnippet
  api=4 type=1 insize=19454 outsize=4686 kw=DIRLIGHTMAP_SEPARATE LIGHTMAP_OFF DYNAMICLIGHTMAP_OFF S_SPECULAR_NONE pd=UNITY_ENABLE_REFLECTION_BUFFERS UNITY_USE_DITHER_MASK_FOR_ALPHABLENDED_SHADOWS UNITY_PBS_USE_BRDF1 UNITY_SPECCUBE_BOX_PROJECTION UNITY_SPECCUBE_BLENDING UNITY_ENABLE_DETAIL_NORMALMAP SHADER_API_DESKTOP ok=1
Cmd: compileSnippet
  api=4 type=1 insize=19454 outsize=9590 kw=DIRLIGHTMAP_SEPARATE S_RECEIVE_SHADOWS S_SPECULAR_BLINNPHONG LIGHTMAP_OFF DYNAMICLIGHTMAP_OFF D_VALVE_SHADOWING_POINT_LIGHTS _FLUORESCENCEMAP pd=UNITY_ENABLE_REFLECTION_BUFFERS UNITY_USE_DITHER_MASK_FOR_ALPHABLENDED_SHADOWS UNITY_PBS_USE_BRDF1 UNITY_SPECCUBE_BOX_PROJECTION UNITY_SPECCUBE_BLENDING UNITY_ENABLE_DETAIL_NORMALMAP SHADER_API_DESKTOP ok=1
Cmd: compileSnippet
  api=4 type=1 insize=19454 outsize=9842 kw=DIRLIGHTMAP_SEPARATE S_RECEIVE_SHADOWS S_OCCLUSION S_SPECULAR_METALLIC _METALLICGLOSSMAP _NORMALMAP LIGHTMAP_OFF DYNAMICLIGHTMAP_OFF D_VALVE_FOG D_CASTSHADOW pd=UNITY_ENABLE_REFLECTION_BUFFERS UNITY_USE_DITHER_MASK_FOR_ALPHABLENDED_SHADOWS UNITY_PBS_USE_BRDF1 UNITY_SPECCUBE_BOX_PROJECTION UNITY_SPECCUBE_BLENDING UNITY_ENABLE_DETAIL_NORMALMAP SHADER_API_DESKTOP ok=1
Cmd: compileSnippet
  api=4 type=1 insize=19454 outsize=8482 kw=DIRLIGHTMAP_SEPARATE S_RECEIVE_SHADOWS MATRIX_PALETTE_SKINNING_1BONE LIGHTMAP_OFF DYNAMICLIGHTMAP_OFF S_RETROREFLECTIVE pd=UNITY_ENABLE_REFLECTION_BUFFERS UNITY_USE_DITHER_MASK_FOR_ALPHABLENDED_SHADOWS UNITY_PBS_USE_BRDF1 UNITY_SPECCUBE_BOX_PROJECTION UNITY_SPECCUBE_BLENDING UNITY_ENABLE_DETAIL_NORMALMAP SHADER_API_DESKTOP ok=1
Cmd: compileSnippet
  api=4 type=1 insize=19454 outsize=10142 kw=DIRLIGHTMAP_SEPARATE S_RECEIVE_SHADOWS MATRIX_PALETTE_SKINNING_1BONE S_OCCLUSION S_SPECULAR_METALLIC _METALLICGLOSSMAP _NORMALMAP LIGHTMAP_OFF DYNAMICLIGHTMAP_OFF D_VALVE_FOG _FLUORESCENCEMAP pd=UNITY_ENABLE_REFLECTION_BUFFERS UNITY_USE_DITHER_MASK_FOR_ALPHABLENDED_SHADOWS UNITY_PBS_USE_BRDF1 UNITY_SPECCUBE_BOX_PROJECTION UNITY_SPECCUBE_BLENDING UNITY_ENABLE_DETAIL_NORMALMAP SHADER_API_DESKTOP ok=1
Cmd: compileSnippet
  api=4 type=1 insize=19454 outsize=8374 kw=DYNAMICLIGHTMAP_ON DIRLIGHTMAP_SEPARATE S_RECEIVE_SHADOWS S_SPECULAR_METALLIC LIGHTMAP_OFF pd=UNITY_ENABLE_REFLECTION_BUFFERS UNITY_USE_DITHER_MASK_FOR_ALPHABLENDED_SHADOWS UNITY_PBS_USE_BRDF1 UNITY_SPECCUBE_BOX_PROJECTION UNITY_SPECCUBE_BLENDING UNITY_ENABLE_DETAIL_NORMALMAP SHADER_API_DESKTOP ok=1
Cmd: compileSnippet
  api=4 type=1 insize=19454 outsize=4542 kw=DYNAMICLIGHTMAP_ON DIRLIGHTMAP_SEPARATE LIGHTMAP_OFF D_VALVE_SHADOWING_POINT_LIGHTS S_SPECULAR_NONE pd=UNITY_ENABLE_REFLECTION_BUFFERS UNITY_USE_DITHER_MASK_FOR_ALPHABLENDED_SHADOWS UNITY_PBS_USE_BRDF1 UNITY_SPECCUBE_BOX_PROJECTION UNITY_SPECCUBE_BLENDING UNITY_ENABLE_DETAIL_NORMALMAP SHADER_API_DESKTOP ok=1
Cmd: compileSnippet
  api=4 type=1 insize=19454 outsize=8686 kw=DYNAMICLIGHTMAP_ON DIRLIGHTMAP_SEPARATE S_RECEIVE_SHADOWS S_SPECULAR_METALLIC LIGHTMAP_OFF D_VALVE_FOG pd=UNITY_ENABLE_REFLECTION_BUFFERS UNITY_USE_DITHER_MASK_FOR_ALPHABLENDED_SHADOWS UNITY_PBS_USE_BRDF1 UNITY_SPECCUBE_BOX_PROJECTION UNITY_SPECCUBE_BLENDING UNITY_ENABLE_DETAIL_NORMALMAP SHADER_API_DESKTOP ok=1
Cmd: compileSnippet
  api=4 type=1 insize=19454 outsize=4854 kw=DYNAMICLIGHTMAP_ON DIRLIGHTMAP_SEPARATE LIGHTMAP_OFF D_VALVE_FOG D_VALVE_SHADOWING_POINT_LIGHTS S_SPECULAR_NONE pd=UNITY_ENABLE_REFLECTION_BUFFERS UNITY_USE_DITHER_MASK_FOR_ALPHABLENDED_SHADOWS UNITY_PBS_USE_BRDF1 UNITY_SPECCUBE_BOX_PROJECTION UNITY_SPECCUBE_BLENDING UNITY_ENABLE_DETAIL_NORMALMAP SHADER_API_DESKTOP ok=1
Cmd: compileSnippet
  api=4 type=1 insize=19454 outsize=10590 kw=DYNAMICLIGHTMAP_ON DIRLIGHTMAP_SEPARATE S_RECEIVE_SHADOWS S_OCCLUSION S_SPECULAR_METALLIC _METALLICGLOSSMAP _NORMALMAP LIGHTMAP_OFF D_VALVE_FOG D_VALVE_SHADOWING_POINT_LIGHTS D_CASTSHADOW pd=UNITY_ENABLE_REFLECTION_BUFFERS UNITY_USE_DITHER_MASK_FOR_ALPHABLENDED_SHADOWS UNITY_PBS_USE_BRDF1 UNITY_SPECCUBE_BOX_PROJECTION UNITY_SPECCUBE_BLENDING UNITY_ENABLE_DETAIL_NORMALMAP SHADER_API_DESKTOP ok=1
Cmd: compileSnippet
  api=4 type=1 insize=19454 outsize=8866 kw=DYNAMICLIGHTMAP_ON DIRLIGHTMAP_SEPARATE S_RECEIVE_SHADOWS S_SPECULAR_BLINNPHONG MATRIX_PALETTE_SKINNING_1BONE LIGHTMAP_OFF D_VALVE_FOG _FLUORESCENCEMAP pd=UNITY_ENABLE_REFLECTION_BUFFERS UNITY_USE_DITHER_MASK_FOR_ALPHABLENDED_SHADOWS UNITY_PBS_USE_BRDF1 UNITY_SPECCUBE_BOX_PROJECTION UNITY_SPECCUBE_BLENDING UNITY_ENABLE_DETAIL_NORMALMAP SHADER_API_DESKTOP ok=1
Cmd: compileSnippet
  api=4 type=1 insize=19454 outsize=7330 kw=DYNAMICLIGHTMAP_ON DIRLIGHTMAP_SEPARATE S_RECEIVE_SHADOWS MATRIX_PALETTE_SKINNING_1BONE LIGHTMAP_OFF D_VALVE_FOG D_VALVE_SHADOWING_POINT_LIGHTS S_SPECULAR_NONE pd=UNITY_ENABLE_REFLECTION_BUFFERS UNITY_USE_DITHER_MASK_FOR_ALPHABLENDED_SHADOWS UNITY_PBS_USE_BRDF1 UNITY_SPECCUBE_BOX_PROJECTION UNITY_SPECCUBE_BLENDING UNITY_ENABLE_DETAIL_NORMALMAP SHADER_API_DESKTOP ok=1
